{"level":"fatal","utc":"2020/12/16 10:57:25.955514","msg":"hakrtLin8kLAgc5/HPO7VJdPN6h/qz28Fq8lR4xBiaV9A1iqgZcNfKyS2SybMOOEAjkZWmDnmtz5/j52eIDYXMZKUD0BbNI4oGNw8K5gAvx9YZC6vuLCXGHROv0LoxR8KALij5MtXtVQCg+uw59DXGjqyAIUjfxVd5UBZwS0w8clrrElyqIzw1We6gSpgaUVpmxfd7PX14+mR1lN1vAKxGR2BT1As70H"}
{"level":"fatal","utc":"2020/12/16 11:01:29.600411","msg":"hakrtLin8kLAgc5/HPO7VJdPN6h/qz28Fq8lR4xBiaV9A1iqgZcNfKyS2SybMOOEnv75zniYTdlkGXqMdXddSRB+17CaQwDLretpoWaCzoRmWZIw5/iguDHQz4ZgbK8g4a30MUMWcgSeMg5o82CVVA=="}
{"level":"fatal","utc":"2020/12/16 11:01:29.654266","msg":"hakrtLin8kLAgc5/HPO7VJdPN6h/qz28Fq8lR4xBiaV9A1iqgZcNfKyS2SybMOOE8MKURLhJjMoqboHXcjtu39HDgGlFUyrzVQxC8oO+TOPwhj+5O0jhQJChLGLWpVqZGz+uZUHnepUF9W6JUpcOiFAJvo0lK8Lp"}
{"level":"fatal","utc":"2020/12/16 11:02:12.459701","msg":"hakrtLin8kLAgc5/HPO7VJdPN6h/qz28Fq8lR4xBiaV9A1iqgZcNfKyS2SybMOOEAjkZWmDnmtz5/j52eIDYXMZKUD0BbNI4oGNw8K5gAvwtvB9LmFkRv6CvuieCzRktUX1vqS9UZnO1gEIcFYgilSVNfzpj589e29mzxLiDadQ="}
{"level":"fatal","utc":"2020/12/16 11:02:12.537132","msg":"hakrtLin8kLAgc5/HPO7VJdPN6h/qz28Fq8lR4xBiaV9A1iqgZcNfKyS2SybMOOE7EA83mZ6Yhg4fy35sffTOeH2F/kLLvZVd1HmKdJogQEApnuKwnJKolsGU3DWRaOlf6DlUx82QPTUwQh6SsyjIg5hrNQYkn9QJvPNnqzplZzd4IaJnUmVn9V4EmKZ9bboMe/Ej4VXYBaWXAW5ayNmlg=="}
{"level":"fatal","utc":"2020/12/16 11:03:30.141316","msg":"hakrtLin8kLAgc5/HPO7VJdPN6h/qz28Fq8lR4xBiaV9A1iqgZcNfKyS2SybMOOEnv75zniYTdlkGXqMdXddSRB+17CaQwDLretpoWaCzoRmWZIw5/iguDHQz4ZgbK8g4a30MUMWcgSeMg5o82CVVA=="}
{"level":"fatal","utc":"2020/12/16 11:03:30.193618","msg":"hakrtLin8kLAgc5/HPO7VJdPN6h/qz28Fq8lR4xBiaV9A1iqgZcNfKyS2SybMOOE8MKURLhJjMoqboHXcjtu39HDgGlFUyrzVQxC8oO+TOPwhj+5O0jhQJChLGLWpVqZGz+uZUHnepUF9W6JUpcOiFAJvo0lK8Lp"}
{"level":"fatal","utc":"2020/12/16 11:07:42.335785","msg":"hakrtLin8kLAgc5/HPO7VJdPN6h/qz28Fq8lR4xBiaV9A1iqgZcNfKyS2SybMOOEnv75zniYTdlkGXqMdXddSRB+17CaQwDLretpoWaCzoRmWZIw5/iguDHQz4ZgbK8g4a30MUMWcgSeMg5o82CVVA=="}
{"level":"fatal","utc":"2020/12/16 11:07:42.386649","msg":"hakrtLin8kLAgc5/HPO7VJdPN6h/qz28Fq8lR4xBiaV9A1iqgZcNfKyS2SybMOOE8MKURLhJjMoqboHXcjtu39HDgGlFUyrzVQxC8oO+TOPwhj+5O0jhQJChLGLWpVqZGz+uZUHnepUF9W6JUpcOiFAJvo0lK8Lp"}
{"level":"fatal","utc":"2020/12/16 11:07:48.839394","msg":"hakrtLin8kLAgc5/HPO7VJdPN6h/qz28Fq8lR4xBiaV9A1iqgZcNfKyS2SybMOOEAjkZWmDnmtz5/j52eIDYXMZKUD0BbNI4oGNw8K5gAvwtvB9LmFkRv6CvuieCzRktUX1vqS9UZnO1gEIcFYgilSVNfzpj589e29mzxLiDadQ="}
{"level":"fatal","utc":"2020/12/16 11:07:48.921313","msg":"hakrtLin8kLAgc5/HPO7VJdPN6h/qz28Fq8lR4xBiaV9A1iqgZcNfKyS2SybMOOE7EA83mZ6Yhg4fy35sffTOeH2F/kLLvZVd1HmKdJogQEApnuKwnJKolsGU3DWRaOlf6DlUx82QPTUwQh6SsyjIg5hrNQYkn9QJvPNnqzplZzd4IaJnUmVn9V4EmKZ9bboMe/Ej4VXYBaWXAW5ayNmlg=="}
{"level":"fatal","utc":"2020/12/16 11:10:38.152133","msg":"hakrtLin8kLAgc5/HPO7VJdPN6h/qz28Fq8lR4xBiaV9A1iqgZcNfKyS2SybMOOEAjkZWmDnmtz5/j52eIDYXMZKUD0BbNI4oGNw8K5gAvwtvB9LmFkRv6CvuieCzRktUX1vqS9UZnO1gEIcFYgilSVNfzpj589e29mzxLiDadQ="}
{"level":"fatal","utc":"2020/12/16 11:10:38.205001","msg":"hakrtLin8kLAgc5/HPO7VJdPN6h/qz28Fq8lR4xBiaV9A1iqgZcNfKyS2SybMOOE7EA83mZ6Yhg4fy35sffTOeH2F/kLLvZVd1HmKdJogQEApnuKwnJKoizekC5yStC6VPEP/MknBL6L89agIqnBnQi1ztVSaOLmVuODc2uOnEXgnKRVZ/BBLjANpNv/eqQwZvoXcsSMTNLtN3DKDV/55BCUimKCGdostVBBUVXs1gTHj8/m5c3rV6zcUkXE3WL/8dMT9fhzOt4="}
{"level":"fatal","utc":"2020/12/16 11:13:05.470551","msg":"hakrtLin8kLAgc5/HPO7VJdPN6h/qz28Fq8lR4xBiaV9A1iqgZcNfKyS2SybMOOEnv75zniYTdlkGXqMdXddSRB+17CaQwDLretpoWaCzoRmWZIw5/iguDHQz4ZgbK8g4a30MUMWcgSeMg5o82CVVA=="}
{"level":"fatal","utc":"2020/12/16 11:13:05.521224","msg":"hakrtLin8kLAgc5/HPO7VJdPN6h/qz28Fq8lR4xBiaV9A1iqgZcNfKyS2SybMOOE8MKURLhJjMoqboHXcjtu39HDgGlFUyrzVQxC8oO+TOPwhj+5O0jhQJChLGLWpVqZGz+uZUHnepUF9W6JUpcOiFAJvo0lK8Lp"}
{"level":"fatal","utc":"2020/12/16 11:13:55.771827","msg":"hakrtLin8kLAgc5/HPO7VJdPN6h/qz28Fq8lR4xBiaV9A1iqgZcNfKyS2SybMOOEAjkZWmDnmtz5/j52eIDYXMZKUD0BbNI4oGNw8K5gAvwtvB9LmFkRv6CvuieCzRktUX1vqS9UZnO1gEIcFYgilSVNfzpj589e29mzxLiDadQ="}
{"level":"fatal","utc":"2020/12/16 11:13:55.823210","msg":"hakrtLin8kLAgc5/HPO7VJdPN6h/qz28Fq8lR4xBiaV9A1iqgZcNfKyS2SybMOOE7EA83mZ6Yhg4fy35sffTOeH2F/kLLvZVd1HmKdJogQEApnuKwnJKoizekC5yStC6VPEP/MknBL6L89agIqnBnQi1ztVSaOLmVuODc2uOnEXgnKRVZ/BBLjANpNv/eqQwZvoXcsSMTNLtN3DKDV/55BCUimKCGdostVBBUVXs1gTHj8/m5c3rV6zcUkXE3WL/8dMT9fhzOt4="}
{"level":"fatal","utc":"2020/12/16 11:14:09.333189","msg":"hakrtLin8kLAgc5/HPO7VJdPN6h/qz28Fq8lR4xBiaV9A1iqgZcNfKyS2SybMOOEAjkZWmDnmtz5/j52eIDYXMZKUD0BbNI4oGNw8K5gAvwtvB9LmFkRv6CvuieCzRktUX1vqS9UZnO1gEIcFYgilSVNfzpj589e29mzxLiDadQ="}
{"level":"fatal","utc":"2020/12/16 11:14:09.384722","msg":"hakrtLin8kLAgc5/HPO7VJdPN6h/qz28Fq8lR4xBiaV9A1iqgZcNfKyS2SybMOOE7EA83mZ6Yhg4fy35sffTOeH2F/kLLvZVd1HmKdJogQEApnuKwnJKoizekC5yStC6VPEP/MknBL6L89agIqnBnQi1ztVSaOLmVuODc2uOnEXgnKRVZ/BBLjANpNv/eqQwZvoXcsSMTNLtN3DKDV/55BCUimKCGdostVBBUVXs1gTHj8/m5c3rV6zcUkXE3WL/8dMT9fhzOt4="}
{"level":"fatal","utc":"2020/12/16 11:15:39.342485","msg":"hakrtLin8kLAgc5/HPO7VJdPN6h/qz28Fq8lR4xBiaV9A1iqgZcNfKyS2SybMOOEAjkZWmDnmtz5/j52eIDYXMZKUD0BbNI4oGNw8K5gAvwtvB9LmFkRv6CvuieCzRktUX1vqS9UZnO1gEIcFYgilSVNfzpj589e29mzxLiDadQ="}
{"level":"fatal","utc":"2020/12/16 11:15:39.391907","msg":"hakrtLin8kLAgc5/HPO7VJdPN6h/qz28Fq8lR4xBiaV9A1iqgZcNfKyS2SybMOOE7EA83mZ6Yhg4fy35sffTOeH2F/kLLvZVd1HmKdJogQEApnuKwnJKoizekC5yStC6VPEP/MknBL6L89agIqnBnQi1ztVSaOLmVuODc2uOnEXgnKRVZ/BBLjANpNv/eqQwZvoXcsSMTNLtN3DKDV/55BCUimKCGdostVBBUVXs1gTHj8/m5c3rV6zcUkXE3WL/8dMT9fhzOt4="}
{"level":"fatal","utc":"2020/12/16 11:15:53.325872","msg":"hakrtLin8kLAgc5/HPO7VJdPN6h/qz28Fq8lR4xBiaV9A1iqgZcNfKyS2SybMOOEAjkZWmDnmtz5/j52eIDYXMZKUD0BbNI4oGNw8K5gAvwtvB9LmFkRv6CvuieCzRktUX1vqS9UZnO1gEIcFYgilSVNfzpj589e29mzxLiDadQ="}
{"level":"fatal","utc":"2020/12/16 11:15:53.377734","msg":"hakrtLin8kLAgc5/HPO7VJdPN6h/qz28Fq8lR4xBiaV9A1iqgZcNfKyS2SybMOOE7EA83mZ6Yhg4fy35sffTOeH2F/kLLvZVd1HmKdJogQEApnuKwnJKoizekC5yStC6VPEP/MknBL6L89agIqnBnQi1ztVSaOLmVuODc2uOnEXgnKRVZ/BBLjANpNv/eqQwZvoXcsSMTNLtN3DKDV/55BCUimKCGdostVBBUVXs1gTHj8/m5c3rV6zcUkXE3WL/8dMT9fhzOt4="}
{"level":"fatal","utc":"2020/12/16 11:16:54.685974","msg":"hakrtLin8kLAgc5/HPO7VJdPN6h/qz28Fq8lR4xBiaV9A1iqgZcNfKyS2SybMOOEAjkZWmDnmtz5/j52eIDYXMZKUD0BbNI4oGNw8K5gAvwtvB9LmFkRv6CvuieCzRktUX1vqS9UZnO1gEIcFYgilSVNfzpj589e29mzxLiDadQ="}
{"level":"fatal","utc":"2020/12/16 11:16:54.737847","msg":"hakrtLin8kLAgc5/HPO7VJdPN6h/qz28Fq8lR4xBiaV9A1iqgZcNfKyS2SybMOOE7EA83mZ6Yhg4fy35sffTOeH2F/kLLvZVd1HmKdJogQEApnuKwnJKoizekC5yStC6VPEP/MknBL6L89agIqnBnQi1ztVSaOLmVuODc2uOnEXgnKRVZ/BBLjANpNv/eqQwZvoXcsSMTNLtN3DKDV/55BCUimKCGdostVBBUVXs1gTHj8/m5c3rV6zcUkXE3WL/8dMT9fhzOt4="}
{"level":"fatal","utc":"2020/12/16 11:17:50.988424","msg":"hakrtLin8kLAgc5/HPO7VJdPN6h/qz28Fq8lR4xBiaV9A1iqgZcNfKyS2SybMOOEnv75zniYTdlkGXqMdXddSRB+17CaQwDLretpoWaCzoRmWZIw5/iguDHQz4ZgbK8g4a30MUMWcgSeMg5o82CVVA=="}
{"level":"fatal","utc":"2020/12/16 11:17:51.041208","msg":"hakrtLin8kLAgc5/HPO7VJdPN6h/qz28Fq8lR4xBiaV9A1iqgZcNfKyS2SybMOOE8MKURLhJjMoqboHXcjtu39HDgGlFUyrzVQxC8oO+TOPwhj+5O0jhQJChLGLWpVqZGz+uZUHnepUF9W6JUpcOiFAJvo0lK8Lp"}
{"level":"fatal","utc":"2020/12/16 11:26:10.792136","msg":"hakrtLin8kLAgc5/HPO7VJdPN6h/qz28Fq8lR4xBiaV9A1iqgZcNfKyS2SybMOOE7EA83mZ6Yhg4fy35sffTOeH2F/kLLvZVOr93ExQjAR+q1RFcKgje4Oih9TeFNqQy1rXjQg+StbkuImjcwHd6b0aNBUd7d+i6xVUUbdWG/Uw="}
{"level":"fatal","utc":"2020/12/16 11:26:25.984151","msg":"hakrtLin8kLAgc5/HPO7VJdPN6h/qz28Fq8lR4xBiaV9A1iqgZcNfKyS2SybMOOE8MKURLhJjMoqboHXcjtu39HDgGlFUyrzVQxC8oO+TOPwhj+5O0jhQJChLGLWpVqZGz+uZUHnepUF9W6JUpcOiFAJvo0lK8Lp"}
{"level":"fatal","utc":"2020/12/16 11:27:12.250575","msg":"hakrtLin8kLAgc5/HPO7VJdPN6h/qz28Fq8lR4xBiaV9A1iqgZcNfKyS2SybMOOE7EA83mZ6Yhg4fy35sffTOeH2F/kLLvZVOr93ExQjAR+q1RFcKgje4Oih9TeFNqQy1rXjQg+StbkuImjcwHd6b0aNBUd7d+i6xVUUbdWG/Uw="}
{"level":"fatal","utc":"2020/12/16 11:27:19.142784","msg":"hakrtLin8kLAgc5/HPO7VJdPN6h/qz28Fq8lR4xBiaV9A1iqgZcNfKyS2SybMOOE8MKURLhJjMoqboHXcjtu39HDgGlFUyrzVQxC8oO+TOPwhj+5O0jhQJChLGLWpVqZGz+uZUHnepUF9W6JUpcOiFAJvo0lK8Lp"}
{"level":"fatal","utc":"2020/12/16 11:27:28.327109","msg":"hakrtLin8kLAgc5/HPO7VJdPN6h/qz28Fq8lR4xBiaV9A1iqgZcNfKyS2SybMOOEAjkZWmDnmtz5/j52eIDYXMZKUD0BbNI4oGNw8K5gAvwtvB9LmFkRv6CvuieCzRktUX1vqS9UZnO1gEIcFYgilSVNfzpj589e29mzxLiDadQ="}
{"level":"fatal","utc":"2020/12/16 11:27:37.627067","msg":"hakrtLin8kLAgc5/HPO7VJdPN6h/qz28Fq8lR4xBiaV9A1iqgZcNfKyS2SybMOOE8MKURLhJjMoqboHXcjtu39HDgGlFUyrzVQxC8oO+TOPwhj+5O0jhQJChLGLWpVqZGz+uZUHnepUF9W6JUpcOiFAJvo0lK8Lp"}
{"level":"fatal","utc":"2020/12/16 11:28:43.968825","msg":"hakrtLin8kLAgc5/HPO7VJdPN6h/qz28Fq8lR4xBiaV9A1iqgZcNfKyS2SybMOOE7EA83mZ6Yhg4fy35sffTOeH2F/kLLvZVOr93ExQjAR+q1RFcKgje4Oih9TeFNqQy1rXjQg+StbkuImjcwHd6b0aNBUd7d+i6xVUUbdWG/Uw="}
{"level":"fatal","utc":"2020/12/16 11:29:36.846914","msg":"hakrtLin8kLAgc5/HPO7VJdPN6h/qz28Fq8lR4xBiaV9A1iqgZcNfKyS2SybMOOEAjkZWmDnmtz5/j52eIDYXMZKUD0BbNI4oGNw8K5gAvwtvB9LmFkRv6CvuieCzRktUX1vqS9UZnO1gEIcFYgilSVNfzpj589e29mzxLiDadQ="}
{"level":"fatal","utc":"2020/12/16 11:29:36.898774","msg":"hakrtLin8kLAgc5/HPO7VJdPN6h/qz28Fq8lR4xBiaV9A1iqgZcNfKyS2SybMOOE7EA83mZ6Yhg4fy35sffTOeH2F/kLLvZVOr93ExQjAR+q1RFcKgje4Oih9TeFNqQy1rXjQg+StbkuImjcwHd6b0aNBUd7d+i6xVUUbdWG/Uw="}
{"level":"fatal","utc":"2020/12/16 11:29:58.665207","msg":"hakrtLin8kLAgc5/HPO7VJdPN6h/qz28Fq8lR4xBiaV9A1iqgZcNfKyS2SybMOOE8MKURLhJjMoqboHXcjtu39HDgGlFUyrzVQxC8oO+TOPwhj+5O0jhQJChLGLWpVqZGz+uZUHnepUF9W6JUpcOiFAJvo0lK8Lp"}
{"level":"fatal","utc":"2020/12/16 11:30:48.362882","msg":"hakrtLin8kLAgc5/HPO7VJdPN6h/qz28Fq8lR4xBiaV9A1iqgZcNfKyS2SybMOOEAjkZWmDnmtz5/j52eIDYXMZKUD0BbNI4oGNw8K5gAvwtvB9LmFkRv6CvuieCzRktUX1vqS9UZnO1gEIcFYgilSVNfzpj589e29mzxLiDadQ="}
{"level":"fatal","utc":"2020/12/16 11:30:51.479748","msg":"hakrtLin8kLAgc5/HPO7VJdPN6h/qz28Fq8lR4xBiaV9A1iqgZcNfKyS2SybMOOEVJxDmTcyAz5/ymDqSP4BYG6OBxXz2iqSpS5ofFrB7itesj2gUQaHGOPr5VquIBtBcYYPevmL9AUCfMFcF8YK4Ppbc5dmrXSv"}
{"level":"fatal","utc":"2020/12/16 13:07:36.003940","msg":"hakrtLin8kLAgc5/HPO7VJdPN6h/qz28Fq8lR4xBiaV9A1iqgZcNfKyS2SybMOOE7EA83mZ6Yhg4fy35sffTOeH2F/kLLvZVOr93ExQjAR+q1RFcKgje4Oih9TeFNqQy1rXjQg+StbkuImjcwHd6b0aNBUd7d+i6xVUUbdWG/Uw="}
{"level":"fatal","utc":"2020/12/16 13:07:50.348916","msg":"hakrtLin8kLAgc5/HPO7VJdPN6h/qz28Fq8lR4xBiaV9A1iqgZcNfKyS2SybMOOEVJxDmTcyAz5/ymDqSP4BYG6OBxXz2iqSpS5ofFrB7itesj2gUQaHGOPr5VquIBtBcYYPevmL9AUCfMFcF8YK4Ppbc5dmrXSv"}
{"level":"fatal","utc":"2020/12/16 13:09:45.936621","msg":"hakrtLin8kLAgc5/HPO7VJdPN6h/qz28Fq8lR4xBiaV9A1iqgZcNfKyS2SybMOOE8MKURLhJjMoqboHXcjtu39HDgGlFUyrzVQxC8oO+TOMMz+3lMHyP+nFzYajV6m9v3upabiarYLAslb7Ak1HePIz9ldv2SMZPBDqhh3U1vpYbxNQ0hxSV1yyMmEgdJl50"}
{"level":"fatal","utc":"2020/12/16 13:10:01.828816","msg":"hakrtLin8kLAgc5/HPO7VJdPN6h/qz28Fq8lR4xBiaV9A1iqgZcNfKyS2SybMOOE7EA83mZ6Yhg4fy35sffTOeH2F/kLLvZVOr93ExQjAR+q1RFcKgje4Oih9TeFNqQy1rXjQg+StbkuImjcwHd6b0aNBUd7d+i6xVUUbdWG/Uw="}
{"level":"fatal","utc":"2020/12/16 13:10:43.838643","msg":"hakrtLin8kLAgc5/HPO7VJdPN6h/qz28Fq8lR4xBiaV9A1iqgZcNfKyS2SybMOOEAjkZWmDnmtz5/j52eIDYXMZKUD0BbNI4oGNw8K5gAvwtvB9LmFkRv6CvuieCzRktUX1vqS9UZnO1gEIcFYgilSVNfzpj589e29mzxLiDadQ="}
{"level":"fatal","utc":"2020/12/16 13:10:43.891504","msg":"hakrtLin8kLAgc5/HPO7VJdPN6h/qz28Fq8lR4xBiaV9A1iqgZcNfKyS2SybMOOE7EA83mZ6Yhg4fy35sffTOeH2F/kLLvZVd1HmKdJogQEApnuKwnJKoizekC5yStC6VPEP/MknBL6L89agIqnBnQi1ztVSaOLmVuODc2uOnEXgnKRVZ/BBLjANpNv/eqQwZvoXcsSMTNLtN3DKDV/55BCUimKCGdostVBBUVXs1gTHj8/m5c3rV6zcUkXE3WL/8dMT9fhzOt4="}
{"level":"fatal","utc":"2020/12/16 13:10:51.751071","msg":"hakrtLin8kLAgc5/HPO7VJdPN6h/qz28Fq8lR4xBiaV9A1iqgZcNfKyS2SybMOOE8MKURLhJjMoqboHXcjtu39HDgGlFUyrzExWmgbtT1tTdbPcrnpVDV5VrsqwYn8zHjSFc9jegBtH9iPgO+QCtSqt8AtQcnDUunSgpsgzcr3Q="}
{"level":"fatal","utc":"2020/12/16 13:12:08.619292","msg":"hakrtLin8kLAgc5/HPO7VJdPN6h/qz28Fq8lR4xBiaV9A1iqgZcNfKyS2SybMOOE8MKURLhJjMoqboHXcjtu39HDgGlFUyrzVQxC8oO+TOMMz+3lMHyP+nFzYajV6m9v3upabiarYLAslb7Ak1HePIz9ldv2SMZPBDqhh3U1vpYbxNQ0hxSV1yyMmEgdJl50"}
{"level":"fatal","utc":"2020/12/16 13:12:17.388886","msg":"hakrtLin8kLAgc5/HPO7VJdPN6h/qz28Fq8lR4xBiaV9A1iqgZcNfKyS2SybMOOE7EA83mZ6Yhg4fy35sffTOeH2F/kLLvZVOr93ExQjAR+q1RFcKgje4Oih9TeFNqQy1rXjQg+StbkuImjcwHd6b0aNBUd7d+i6xVUUbdWG/Uw="}
{"level":"fatal","utc":"2020/12/16 13:12:40.520166","msg":"hakrtLin8kLAgc5/HPO7VJdPN6h/qz28Fq8lR4xBiaV9A1iqgZcNfKyS2SybMOOE8MKURLhJjMoqboHXcjtu39HDgGlFUyrzVQxC8oO+TOPwhj+5O0jhQJChLGLWpVqZGz+uZUHnepUF9W6JUpcOiFAJvo0lK8Lp"}
