2020-09-07 16:21:01	[31merror[0m	transfer/cron.go:27	 nnH0EQsm1OY16z1BaaS/YA==
2020-09-07 16:21:12	[31merror[0m	dao/unit.go:16	 /nC9iaPfgM36PuErYjQO6jDUxFGB4gCSbXCG+h4riTQ=
2020-09-07 16:21:12	[31merror[0m	manage/unit.go:27	 WyXx50mttvaGnNGcVHY1vQ==
2020-09-07 16:21:16	[31merror[0m	dao/unit.go:16	 /nC9iaPfgM36PuErYjQO6jDUxFGB4gCSbXCG+h4riTQ=
2020-09-07 16:21:16	[31merror[0m	device/device.go:41	 nnH0EQsm1OY16z1BaaS/YA==
2020-09-07 16:23:16	[31merror[0m	dao/unit.go:16	 /nC9iaPfgM36PuErYjQO6jDUxFGB4gCSbXCG+h4riTQ=
2020-09-07 16:23:16	[31merror[0m	device/device.go:41	 nnH0EQsm1OY16z1BaaS/YA==
2020-09-07 16:23:33	[31merror[0m	dao/unit.go:16	 /nC9iaPfgM36PuErYjQO6jDUxFGB4gCSbXCG+h4riTQ=
2020-09-07 16:23:33	[31merror[0m	device/device.go:41	 nnH0EQsm1OY16z1BaaS/YA==
2020-09-07 16:24:44	[31merror[0m	transfer/cron.go:27	 nnH0EQsm1OY16z1BaaS/YA==
2020-09-07 16:24:49	[31merror[0m	dao/unit.go:16	 /nC9iaPfgM36PuErYjQO6jDUxFGB4gCSbXCG+h4riTQ=
2020-09-07 16:24:49	[31merror[0m	device/device.go:41	 nnH0EQsm1OY16z1BaaS/YA==
2020-09-07 16:24:56	[31merror[0m	dao/unit.go:16	 /nC9iaPfgM36PuErYjQO6jDUxFGB4gCSbXCG+h4riTQ=
2020-09-07 16:24:56	[31merror[0m	manage/unit.go:27	 WyXx50mttvaGnNGcVHY1vQ==
2020-09-07 16:25:03	[31merror[0m	dao/unit.go:16	 /nC9iaPfgM36PuErYjQO6jDUxFGB4gCSbXCG+h4riTQ=
2020-09-07 16:25:03	[31merror[0m	device/device.go:41	 nnH0EQsm1OY16z1BaaS/YA==
2020-09-07 16:25:44	[31merror[0m	dao/unit.go:16	 /nC9iaPfgM36PuErYjQO6jDUxFGB4gCSbXCG+h4riTQ=
2020-09-07 16:25:44	[31merror[0m	device/device.go:41	 nnH0EQsm1OY16z1BaaS/YA==
2020-09-07 16:25:48	[31merror[0m	dao/unit.go:16	 /nC9iaPfgM36PuErYjQO6jDUxFGB4gCSbXCG+h4riTQ=
2020-09-07 16:25:48	[31merror[0m	device/device.go:41	 nnH0EQsm1OY16z1BaaS/YA==
2020-09-07 16:26:16	[31merror[0m	dao/unit.go:16	 /nC9iaPfgM36PuErYjQO6jDUxFGB4gCSbXCG+h4riTQ=
2020-09-07 16:26:16	[31merror[0m	device/device.go:41	 nnH0EQsm1OY16z1BaaS/YA==
2020-09-07 16:26:16	[31merror[0m	dao/unit.go:16	 /nC9iaPfgM36PuErYjQO6jDUxFGB4gCSbXCG+h4riTQ=
2020-09-07 16:26:16	[31merror[0m	device/device.go:41	 nnH0EQsm1OY16z1BaaS/YA==
2020-09-07 16:26:16	[31merror[0m	dao/unit.go:16	 /nC9iaPfgM36PuErYjQO6jDUxFGB4gCSbXCG+h4riTQ=
2020-09-07 16:26:16	[31merror[0m	device/device.go:41	 nnH0EQsm1OY16z1BaaS/YA==
2020-09-07 16:26:16	[31merror[0m	dao/unit.go:16	 /nC9iaPfgM36PuErYjQO6jDUxFGB4gCSbXCG+h4riTQ=
2020-09-07 16:26:16	[31merror[0m	device/device.go:41	 nnH0EQsm1OY16z1BaaS/YA==
2020-09-07 16:26:17	[31merror[0m	dao/unit.go:16	 /nC9iaPfgM36PuErYjQO6jDUxFGB4gCSbXCG+h4riTQ=
2020-09-07 16:26:17	[31merror[0m	device/device.go:41	 nnH0EQsm1OY16z1BaaS/YA==
2020-09-07 16:26:17	[31merror[0m	dao/unit.go:16	 /nC9iaPfgM36PuErYjQO6jDUxFGB4gCSbXCG+h4riTQ=
2020-09-07 16:26:17	[31merror[0m	device/device.go:41	 nnH0EQsm1OY16z1BaaS/YA==
2020-09-07 16:26:17	[31merror[0m	dao/unit.go:16	 /nC9iaPfgM36PuErYjQO6jDUxFGB4gCSbXCG+h4riTQ=
2020-09-07 16:26:17	[31merror[0m	device/device.go:41	 nnH0EQsm1OY16z1BaaS/YA==
2020-09-07 16:26:17	[31merror[0m	dao/unit.go:16	 /nC9iaPfgM36PuErYjQO6jDUxFGB4gCSbXCG+h4riTQ=
2020-09-07 16:26:17	[31merror[0m	device/device.go:41	 nnH0EQsm1OY16z1BaaS/YA==
2020-09-07 16:26:17	[31merror[0m	dao/unit.go:16	 /nC9iaPfgM36PuErYjQO6jDUxFGB4gCSbXCG+h4riTQ=
2020-09-07 16:26:17	[31merror[0m	device/device.go:41	 nnH0EQsm1OY16z1BaaS/YA==
2020-09-07 16:26:17	[31merror[0m	dao/unit.go:16	 /nC9iaPfgM36PuErYjQO6jDUxFGB4gCSbXCG+h4riTQ=
2020-09-07 16:26:17	[31merror[0m	device/device.go:41	 nnH0EQsm1OY16z1BaaS/YA==
2020-09-07 16:26:20	[31merror[0m	dao/unit.go:16	 /nC9iaPfgM36PuErYjQO6jDUxFGB4gCSbXCG+h4riTQ=
2020-09-07 16:26:20	[31merror[0m	device/device.go:41	 nnH0EQsm1OY16z1BaaS/YA==
2020-09-07 16:28:18	[31merror[0m	transfer/cron.go:27	 nnH0EQsm1OY16z1BaaS/YA==
2020-09-07 16:28:24	[31merror[0m	dao/unit.go:16	 /nC9iaPfgM36PuErYjQO6jDUxFGB4gCSbXCG+h4riTQ=
2020-09-07 16:29:01	[31merror[0m	dao/unit.go:16	 /nC9iaPfgM36PuErYjQO6jDUxFGB4gCSbXCG+h4riTQ=
2020-09-07 17:15:20	[31merror[0m	transfer/cron.go:27	 nnH0EQsm1OY16z1BaaS/YA==
2020-09-07 17:24:07	[31merror[0m	transfer/cron.go:27	未插入UKey
2020-09-07 17:28:39	[31merror[0m	transfer/cron.go:27	未插入UKey
2020-09-07 17:32:27	[31merror[0m	transfer/cron.go:27	未插入UKey
2020-09-07 20:06:04	[31merror[0m	transfer/cron.go:27	未插入UKey
