2020-07-09 14:50:55	[34minfo[0m	logger/logger.go:106	~~~~~~~~~~~~~~~~~~~~~~~~~~~~~~~
2020-07-09 14:50:55	[34minfo[0m	logger/logger.go:107	æ—¥å¿—åˆå§‹åŒ–æˆåŠŸ
2020-07-09 14:50:55	[34minfo[0m	logger/logger.go:108	~~~~~~~~~~~~~~~~~~~~~~~~~~~~~~~
2020-07-09 14:50:55	[34minfo[0m	utils/setting.go:48	ç«¯å£å·	{"LocalPort": 13010}
2020-07-09 14:50:55	[34minfo[0m	utils/setting.go:51	redisç¼“å­˜	{"ENABLE": false}
2020-07-09 14:50:55	[34minfo[0m	utils/setting.go:55	ukeyç¼–å·	{"UkeySN": "123456abc"}
2020-07-09 14:50:55	[34minfo[0m	utils/setting.go:57	é…ç½®åˆå§‹åŒ–æŒ‰å®Œæˆ ç‰ˆæœ¬:2020-06-18 01
2020-07-09 14:50:55	[34minfo[0m	utils/setting.go:58	~~~~~~~~~~~~~~~~~~~~~~~~~~~~~~~
2020-07-09 14:50:55	[34minfo[0m	cache/cache.go:30	ä¸å¯ç”¨redis
2020-07-09 14:50:58	[34minfo[0m	middleware/mw_recover.go:45	
2020-07-09 14:50:58	[34minfo[0m	middleware/mw_recover.go:46	client:127.0.0.1 url:/zjg/2d/login/user opt:POST
2020-07-09 14:50:58	[34minfo[0m	middleware/mw_recover.go:50	body:{"userName":"admin","password":"21232f297a57a5a743894a0e4a801fc3"}
2020-07-09 14:50:58	[34minfo[0m	common/http.go:136	ResJSON	{"status": 200, "val": {"result":true,"errorCode":0,"message":"success","data":{"token":"eyJhbGciOiJIUzI1NiIsInR5cCI6IkpXVCJ9.eyJ1c2VySWQiOiIxIiwidXVpZCI6IjkwMGY5YjZlLWZhNmUtNDc4YS1iYThjLWIyNGZhMTY1M2ViMyJ9.8ZNx60LuKEfOEWls2Z7cEmyTgcRyL5gnIvKApduTgm4"}}}
2020-07-09 14:50:58	[34minfo[0m	middleware/mw_recover.go:45	
2020-07-09 14:50:58	[34minfo[0m	middleware/mw_recover.go:46	client:127.0.0.1 url:/zjg/2d/device/registered opt:GET
2020-07-09 14:50:58	[34minfo[0m	db/unit.go:16	sql:, SELECT dwid,dwmc,tyshxydm,dwlx,xzqybm,gzlxr,gzlxdh,dlmm,sjzgdwzzjgdm,sjzgdwmc,ktmk1,ktmk2,ktmk3,ukeybh,ukeymw,bz,cjsj,xgsj,sczt FROM m_dwxx_t WHERE sczt = 0
2020-07-09 14:50:58	[34minfo[0m	common/http.go:136	ResJSON	{"status": 200, "val": {"result":true,"errorCode":0,"message":"success","data":{"isRegister":"1","ukey":"123456abc"}}}
2020-07-09 14:50:59	[34minfo[0m	middleware/mw_recover.go:45	
2020-07-09 14:50:59	[34minfo[0m	middleware/mw_recover.go:46	client:127.0.0.1 url:/zjg/2d/systemManagement/unitInfo opt:GET
2020-07-09 14:50:59	[34minfo[0m	middleware/mw_recover.go:45	
2020-07-09 14:50:59	[34minfo[0m	middleware/mw_recover.go:45	
2020-07-09 14:50:59	[34minfo[0m	db/unit.go:16	sql:, SELECT dwid,dwmc,tyshxydm,dwlx,xzqybm,gzlxr,gzlxdh,dlmm,sjzgdwzzjgdm,sjzgdwmc,ktmk1,ktmk2,ktmk3,ukeybh,ukeymw,bz,cjsj,xgsj,sczt FROM m_dwxx_t WHERE sczt = 0
2020-07-09 14:50:59	[34minfo[0m	middleware/mw_recover.go:46	client:127.0.0.1 url:/zjg/2d/homePage/certificate opt:GET
2020-07-09 14:50:59	[34minfo[0m	middleware/mw_recover.go:46	client:127.0.0.1 url:/zjg/2d/homePage/regist opt:GET
2020-07-09 14:50:59	[34minfo[0m	common/http.go:136	ResJSON	{"status": 200, "val": {"result":true,"errorCode":0,"message":"success","data":{"unitName":"å•Šè¨è¾¾è¨è¾¾","unifiedSocialCreditCode":"626498749165498798","organizationCodeSuperiorCompetentUnit":"879849846546798798","superiorSupervisorName":"é˜¿æ¾å¤§","unitType":"10","jobContact":"é˜¿æ¾å¤§","jobPhoneNumber":"13145648791","administrativeAreaCode":"620000","openingModule1":"1","openingModule2":"1","openingModule3":"0","ukey":"123456abc","remark":""}}}
2020-07-09 14:50:59	[34minfo[0m	common/http.go:136	ResJSON	{"status": 200, "val": {"result":true,"errorCode":0,"message":"success","data":{"unReadMessage":{"total":"0","exiAndEntryAnomaly":"0","certificateAccessException":"0","todayNum":"0"},"certificateAtDark":{"total":"0","todayNum":"0"},"certificateNum":{"total":"0","inLibrary":"0","outLibrary":"0"},"returnNumWaiting":{"total":"0","todayNum":"0","expectedNum":"0"},"certificateReturnWaiting":{"total":"0","todayNum":"0","expectedNum":"0"},"incomingApplicationForm":{"total":"0","printWaiting":"0","takingPicturesWaiting":"0","submitWaiting":"0","todayNum":"0"},"consentLetter":{"total":"0","printWaiting":"0","takingPicturesWaiting":"0","submitWaiting":"0","todayNum":"0"}}}}
2020-07-09 14:50:59	[34minfo[0m	db/home.go:32	sql:, 
SELECT balx     AS name,
       COUNT(1) AS count
FROM d_baryxxb_t
WHERE sczt != 1
GROUP BY balx
2020-07-09 14:50:59	[34minfo[0m	db/home.go:50	sql:, SELECT COUNT(1) AS count
FROM d_baryxxb_t
WHERE cjsj >= ? AND sczt != 1
2020-07-09 14:50:59	[34minfo[0m	db/home.go:61	sql:, SELECT COUNT(1) AS count
FROM d_baryxxb_t
WHERE (zt = ? OR zt = ?) AND sczt != 1
2020-07-09 14:50:59	[34minfo[0m	db/home.go:72	sql:, SELECT COUNT(1) AS count
FROM m_djba_t
WHERE cjsj >= ? AND sczt != 1
2020-07-09 14:50:59	[34minfo[0m	db/home.go:113	sql:, 
SELECT COUNT(1) AS count,
       dqzt     AS name
FROM m_djba_t
WHERE sczt != 1
GROUP BY dqzt
2020-07-09 14:50:59	[34minfo[0m	db/home.go:137	sql:, 
SELECT COUNT(1) AS count,
       dqzt     AS name
FROM m_djba_t
WHERE xgsj >= ? AND sczt != 1
GROUP BY dqzt
2020-07-09 14:50:59	[34minfo[0m	common/http.go:136	ResJSON	{"status": 200, "val": {"result":true,"errorCode":0,"message":"success","data":{"registInfo":{"total":"1","recordNum":"1","changeNum":"0","undoNum":"0","todayNum":"1"},"packageWaitingInfo":{"total":"0","todayNum":"1"},"electronicFileWaitingInfo":{"total":"1","todayNum":"0"},"recordResultWaitingInfo":{"total":"0","todayNum":"0"}}}}
2020-07-09 14:51:04	[34minfo[0m	middleware/mw_recover.go:45	
2020-07-09 14:51:04	[34minfo[0m	middleware/mw_recover.go:46	client:127.0.0.1 url:/zjg/2d/dictionary/professionalJob opt:GET
2020-07-09 14:51:04	[34minfo[0m	db/dictionary.go:52	sql:, SELECT zdbm, zdz FROM d_sjzd_t WHERE zdlx = ? 
2020-07-09 14:51:04	[34minfo[0m	db/dictionary.go:53	args:	{"typeName": "zw"}
2020-07-09 14:51:04	[34minfo[0m	common/http.go:136	ResJSON	{"val": {"result":true,"errorCode":0,"message":"success","data":{"list":[{"value":"01","label":"å›½å®¶çº§æ­£èŒ"},{"value":"02","label":"å›½å®¶çº§å‰¯èŒ"},{"value":"03","label":"çœéƒ¨çº§æ­£èŒ"},{"value":"04","label":"çœéƒ¨çº§å‰¯èŒ"},{"value":"05","label":"å…å±€çº§æ­£èŒ"},{"value":"06","label":"å…å±€çº§å‰¯èŒ"},{"value":"07","label":"å¿å¤„çº§æ­£èŒ"},{"value":"08","label":"å¿å¤„çº§å‰¯èŒ"},{"value":"09","label":"ä¹¡ç§‘çº§æ­£èŒ"},{"value":"10","label":"ä¹¡ç§‘çº§å‰¯èŒ"}]}}, "status": 200}
2020-07-09 14:51:04	[34minfo[0m	middleware/mw_recover.go:45	
2020-07-09 14:51:04	[34minfo[0m	middleware/mw_recover.go:46	client:127.0.0.1 url:/zjg/2d/registries/person/report?pageNo=1&pageSize=10&direction=1 opt:GET
2020-07-09 14:51:04	[34minfo[0m	db/registries.go:134	sql:, SELECT ryid,baryx,barym,baryxm,sfzhm,xb,csrq,hkszd,sjhm,mz,jg,zzmm,rdsj,jkzk,gnzxqsqk,gwqsqk,gzsj,rszgdw,gzdw,zjzc,zw,gzjl,balx,zt,hz,gatxz,twtxz,sfbmd,bz,cjsj,xgsj,sczt FROM d_baryxxb_t  WHERE sczt = 0 order by ryid DESC  LIMIT ?, ?
2020-07-09 14:51:04	[34minfo[0m	db/registries.go:135	args:	{"args2": [0,10]}
2020-07-09 14:51:04	[34minfo[0m	common/http.go:136	ResJSON	{"status": 200, "val": {"result":true,"errorCode":0,"message":"success","data":{"total":"1","list":[{"id":"1","surname":"å»","name":"å»","cardID":"330222199901111222","residence":"å»","sex":"ç”·","politicalOutlook":"03","birthday":"2020-06-30","nation":"å»","mobilePhone":"13111111111","nativePlace":"å»","joinPartyDay":"2020-06-29","health":"å»","domesticRelatives":"","abroadRelatives":"","professionalTitles":"01","professionalPost":"02","workUnit":"å»","personnelManager":"å»","workday":"2020-06-30","resume":"","reportType":"1","state":"5","passport":"0","exitEntryPermitForHKMacao":"0","exitEntryPermitForTW":"1","remarks":"","registryday":"2020-07-09"}]}}}
2020-07-09 14:51:04	[34minfo[0m	middleware/mw_recover.go:45	
2020-07-09 14:51:04	[34minfo[0m	middleware/mw_recover.go:46	client:127.0.0.1 url:/zjg/2d/dictionary/professionalJob opt:GET
2020-07-09 14:51:04	[34minfo[0m	db/dictionary.go:52	sql:, SELECT zdbm, zdz FROM d_sjzd_t WHERE zdlx = ? 
2020-07-09 14:51:04	[34minfo[0m	db/dictionary.go:53	args:	{"typeName": "zw"}
2020-07-09 14:51:04	[34minfo[0m	common/http.go:136	ResJSON	{"status": 200, "val": {"result":true,"errorCode":0,"message":"success","data":{"list":[{"value":"01","label":"å›½å®¶çº§æ­£èŒ"},{"value":"02","label":"å›½å®¶çº§å‰¯èŒ"},{"value":"03","label":"çœéƒ¨çº§æ­£èŒ"},{"value":"04","label":"çœéƒ¨çº§å‰¯èŒ"},{"value":"05","label":"å…å±€çº§æ­£èŒ"},{"value":"06","label":"å…å±€çº§å‰¯èŒ"},{"value":"07","label":"å¿å¤„çº§æ­£èŒ"},{"value":"08","label":"å¿å¤„çº§å‰¯èŒ"},{"value":"09","label":"ä¹¡ç§‘çº§æ­£èŒ"},{"value":"10","label":"ä¹¡ç§‘çº§å‰¯èŒ"}]}}}
2020-07-09 14:51:04	[34minfo[0m	middleware/mw_recover.go:45	
2020-07-09 14:51:04	[34minfo[0m	middleware/mw_recover.go:46	client:127.0.0.1 url:/zjg/2d/dictionary/professionalTitle opt:GET
2020-07-09 14:51:04	[34minfo[0m	db/dictionary.go:52	sql:, SELECT zdbm, zdz FROM d_sjzd_t WHERE zdlx = ? 
2020-07-09 14:51:04	[34minfo[0m	db/dictionary.go:53	args:	{"typeName": "zjzc"}
2020-07-09 14:51:04	[34minfo[0m	common/http.go:136	ResJSON	{"status": 200, "val": {"result":true,"errorCode":0,"message":"success","data":{"list":[{"value":"01","label":"éƒ¨çº§æ­£èŒï¼Œçœçº§æ­£èŒ"},{"value":"02","label":"éƒ¨çº§å‰¯èŒï¼Œçœçº§å‰¯èŒ"},{"value":"03","label":"å¸çº§æ­£èŒï¼Œå…çº§æ­£èŒï¼Œå·¡è§†å‘˜"},{"value":"04","label":"å¸çº§å‰¯èŒï¼Œå…çº§å‰¯èŒï¼ŒåŠ©ç†å·¡è§†å‘˜"},{"value":"05","label":"å¤„çº§æ­£èŒï¼Œå¿çº§æ­£èŒï¼Œè°ƒç ”å‘˜"},{"value":"06","label":"å¤„çº§å‰¯èŒï¼Œå¿çº§å‰¯èŒï¼ŒåŠ©ç†è°ƒç ”å‘˜"},{"value":"07","label":"ç§‘çº§æ­£èŒï¼Œä¹¡çº§æ­£èŒï¼Œä¸»ä»»ç§‘å‘˜"},{"value":"08","label":"ç§‘çº§å‰¯èŒï¼Œä¹¡çº§å‰¯èŒï¼Œå‰¯ä¸»ä»»ç§‘å‘˜"},{"value":"09","label":"ç§‘å‘˜"},{"value":"10","label":"åŠäº‹å‘˜"}]}}}
2020-07-09 14:51:04	[34minfo[0m	middleware/mw_recover.go:45	
2020-07-09 14:51:04	[34minfo[0m	middleware/mw_recover.go:46	client:127.0.0.1 url:/zjg/2d/registries/person/report?pageNo=1&pageSize=10&direction=1&state=1,2 opt:GET
2020-07-09 14:51:04	[34minfo[0m	db/registries.go:134	sql:, SELECT ryid,baryx,barym,baryxm,sfzhm,xb,csrq,hkszd,sjhm,mz,jg,zzmm,rdsj,jkzk,gnzxqsqk,gwqsqk,gzsj,rszgdw,gzdw,zjzc,zw,gzjl,balx,zt,hz,gatxz,twtxz,sfbmd,bz,cjsj,xgsj,sczt FROM d_baryxxb_t  WHERE sczt = 0 AND ( zt = ? OR  zt = ?) order by ryid DESC  LIMIT ?, ?
2020-07-09 14:51:04	[34minfo[0m	db/registries.go:135	args:	{"args2": ["1","2",0,10]}
2020-07-09 14:51:04	[34minfo[0m	database/sqlTool.go:132	sql:, select count(*) as counts from d_baryxxb_t  WHERE sczt = 0 AND ( zt = ? OR  zt = ?)
2020-07-09 14:51:04	[34minfo[0m	database/sqlTool.go:133	args:	{"args": ["1","2"]}
2020-07-09 14:51:04	[34minfo[0m	common/http.go:136	ResJSON	{"status": 200, "val": {"result":true,"errorCode":0,"message":"success","data":{"total":"0","list":null}}}
2020-07-09 14:51:05	[34minfo[0m	middleware/mw_recover.go:45	
2020-07-09 14:51:05	[34minfo[0m	middleware/mw_recover.go:46	client:127.0.0.1 url:/zjg/2d/registries/package/list?pageNo=1&pageSize=10&direction=1&state=4,5 opt:GET
2020-07-09 14:51:05	[34minfo[0m	db/package.go:119	sql:, SELECT baid,balx,zbh,zbrysl,zbr,dqzt,dzdalj,dzdacjsj,sbsj,cjsj,sczt FROM m_djba_t  WHERE sczt = 0 AND ( dqzt = ? OR  dqzt = ?) order by baid DESC  LIMIT ?, ?
2020-07-09 14:51:05	[34minfo[0m	db/package.go:120	args2:	{"args2": ["4","5",0,10]}
2020-07-09 14:51:05	[34minfo[0m	common/http.go:136	ResJSON	{"status": 200, "val": {"result":true,"errorCode":0,"message":"success","data":{"total":"1","list":[{"packageID":"10000","packageType":"1","personnelNumber":"1","packagePerson":"admin","packageTime":"2020-07-09 09:38:24","electronicTime":"2020-07-09 10:56:51","state":"5"}]}}}
2020-07-09 14:51:06	[34minfo[0m	middleware/mw_recover.go:45	
2020-07-09 14:51:06	[34minfo[0m	middleware/mw_recover.go:46	client:127.0.0.1 url:/zjg/2d/dictionary/professionalJob opt:GET
2020-07-09 14:51:06	[34minfo[0m	db/dictionary.go:52	sql:, SELECT zdbm, zdz FROM d_sjzd_t WHERE zdlx = ? 
2020-07-09 14:51:06	[34minfo[0m	db/dictionary.go:53	args:	{"typeName": "zw"}
2020-07-09 14:51:06	[34minfo[0m	common/http.go:136	ResJSON	{"status": 200, "val": {"result":true,"errorCode":0,"message":"success","data":{"list":[{"value":"01","label":"å›½å®¶çº§æ­£èŒ"},{"value":"02","label":"å›½å®¶çº§å‰¯èŒ"},{"value":"03","label":"çœéƒ¨çº§æ­£èŒ"},{"value":"04","label":"çœéƒ¨çº§å‰¯èŒ"},{"value":"05","label":"å…å±€çº§æ­£èŒ"},{"value":"06","label":"å…å±€çº§å‰¯èŒ"},{"value":"07","label":"å¿å¤„çº§æ­£èŒ"},{"value":"08","label":"å¿å¤„çº§å‰¯èŒ"},{"value":"09","label":"ä¹¡ç§‘çº§æ­£èŒ"},{"value":"10","label":"ä¹¡ç§‘çº§å‰¯èŒ"}]}}}
2020-07-09 14:51:06	[34minfo[0m	middleware/mw_recover.go:45	
2020-07-09 14:51:06	[34minfo[0m	middleware/mw_recover.go:46	client:127.0.0.1 url:/zjg/2d/dictionary/professionalJob opt:GET
2020-07-09 14:51:06	[34minfo[0m	db/dictionary.go:52	sql:, SELECT zdbm, zdz FROM d_sjzd_t WHERE zdlx = ? 
2020-07-09 14:51:06	[34minfo[0m	db/dictionary.go:53	args:	{"typeName": "zw"}
2020-07-09 14:51:06	[34minfo[0m	common/http.go:136	ResJSON	{"status": 200, "val": {"result":true,"errorCode":0,"message":"success","data":{"list":[{"value":"01","label":"å›½å®¶çº§æ­£èŒ"},{"value":"02","label":"å›½å®¶çº§å‰¯èŒ"},{"value":"03","label":"çœéƒ¨çº§æ­£èŒ"},{"value":"04","label":"çœéƒ¨çº§å‰¯èŒ"},{"value":"05","label":"å…å±€çº§æ­£èŒ"},{"value":"06","label":"å…å±€çº§å‰¯èŒ"},{"value":"07","label":"å¿å¤„çº§æ­£èŒ"},{"value":"08","label":"å¿å¤„çº§å‰¯èŒ"},{"value":"09","label":"ä¹¡ç§‘çº§æ­£èŒ"},{"value":"10","label":"ä¹¡ç§‘çº§å‰¯èŒ"}]}}}
2020-07-09 14:51:06	[34minfo[0m	middleware/mw_recover.go:45	
2020-07-09 14:51:06	[34minfo[0m	middleware/mw_recover.go:46	client:127.0.0.1 url:/zjg/2d/registries/person/report?pageNo=1&pageSize=10&selectValue=&direction=1 opt:GET
2020-07-09 14:51:06	[34minfo[0m	db/registries.go:134	sql:, SELECT ryid,baryx,barym,baryxm,sfzhm,xb,csrq,hkszd,sjhm,mz,jg,zzmm,rdsj,jkzk,gnzxqsqk,gwqsqk,gzsj,rszgdw,gzdw,zjzc,zw,gzjl,balx,zt,hz,gatxz,twtxz,sfbmd,bz,cjsj,xgsj,sczt FROM d_baryxxb_t  WHERE sczt = 0 order by ryid DESC  LIMIT ?, ?
2020-07-09 14:51:06	[34minfo[0m	db/registries.go:135	args:	{"args2": [0,10]}
2020-07-09 14:51:06	[34minfo[0m	common/http.go:136	ResJSON	{"status": 200, "val": {"result":true,"errorCode":0,"message":"success","data":{"total":"1","list":[{"id":"1","surname":"å»","name":"å»","cardID":"330222199901111222","residence":"å»","sex":"ç”·","politicalOutlook":"03","birthday":"2020-06-30","nation":"å»","mobilePhone":"13111111111","nativePlace":"å»","joinPartyDay":"2020-06-29","health":"å»","domesticRelatives":"","abroadRelatives":"","professionalTitles":"01","professionalPost":"02","workUnit":"å»","personnelManager":"å»","workday":"2020-06-30","resume":"","reportType":"1","state":"5","passport":"0","exitEntryPermitForHKMacao":"0","exitEntryPermitForTW":"1","remarks":"","registryday":"2020-07-09"}]}}}
2020-07-09 14:51:06	[34minfo[0m	middleware/mw_recover.go:45	
2020-07-09 14:51:06	[34minfo[0m	middleware/mw_recover.go:46	client:127.0.0.1 url:/zjg/2d/registries/person/report?pageNo=1&pageSize=10&selectValue=&direction=1 opt:GET
2020-07-09 14:51:06	[34minfo[0m	middleware/mw_recover.go:45	
2020-07-09 14:51:06	[34minfo[0m	db/registries.go:134	sql:, SELECT ryid,baryx,barym,baryxm,sfzhm,xb,csrq,hkszd,sjhm,mz,jg,zzmm,rdsj,jkzk,gnzxqsqk,gwqsqk,gzsj,rszgdw,gzdw,zjzc,zw,gzjl,balx,zt,hz,gatxz,twtxz,sfbmd,bz,cjsj,xgsj,sczt FROM d_baryxxb_t  WHERE sczt = 0 order by ryid DESC  LIMIT ?, ?
2020-07-09 14:51:06	[34minfo[0m	middleware/mw_recover.go:46	client:127.0.0.1 url:/zjg/2d/systemManagement/whiteList?pageNo=1&pageSize=10&direction=1 opt:GET
2020-07-09 14:51:06	[34minfo[0m	db/white_list.go:77	sql:, SELECT ryid,baryx,barym,baryxm,sfzhm,xb,csrq,hkszd,sjhm,mz,jg,zzmm,rdsj,jkzk,gnzxqsqk,gwqsqk,gzsj,rszgdw,gzdw,zjzc,zw,gzjl,balx,zt,hz,gatxz,twtxz,sfbmd,bz,cjsj,xgsj,sczt FROM d_baryxxb_t WHERE sczt = ? AND sfbmd = ? ORDER BY ryid DESC LIMIT ?, ?
2020-07-09 14:51:06	[34minfo[0m	db/registries.go:135	args:	{"args2": [0,10]}
2020-07-09 14:51:06	[34minfo[0m	db/white_list.go:87	sql:, SELECT count(1) AS count FROM d_baryxxb_t WHERE sczt = 0 AND sfbmd = 1
2020-07-09 14:51:06	[34minfo[0m	common/http.go:136	ResJSON	{"status": 200, "val": {"result":true,"errorCode":0,"message":"success","data":{"total":"1","list":[{"id":"1","surname":"å»","name":"å»","cardID":"330222199901111222","residence":"å»","sex":"ç”·","politicalOutlook":"03","birthday":"2020-06-30","nation":"å»","mobilePhone":"13111111111","nativePlace":"å»","joinPartyDay":"2020-06-29","health":"å»","domesticRelatives":"","abroadRelatives":"","professionalTitles":"01","professionalPost":"02","workUnit":"å»","personnelManager":"å»","workday":"2020-06-30","resume":"","reportType":"1","state":"5","passport":"0","exitEntryPermitForHKMacao":"0","exitEntryPermitForTW":"1","remarks":"","registryday":"2020-07-09"}]}}}
2020-07-09 14:51:06	[34minfo[0m	common/http.go:136	ResJSON	{"status": 200, "val": {"result":true,"errorCode":0,"message":"success","data":{"total":"0","whiteList":null}}}
2020-07-09 14:51:09	[34minfo[0m	middleware/mw_recover.go:45	
2020-07-09 14:51:09	[34minfo[0m	middleware/mw_recover.go:45	
2020-07-09 14:51:09	[34minfo[0m	middleware/mw_recover.go:46	client:127.0.0.1 url:/zjg/2d/homePage/regist opt:GET
2020-07-09 14:51:09	[34minfo[0m	middleware/mw_recover.go:46	client:127.0.0.1 url:/zjg/2d/homePage/certificate opt:GET
2020-07-09 14:51:09	[34minfo[0m	db/home.go:32	sql:, 
SELECT balx     AS name,
       COUNT(1) AS count
FROM d_baryxxb_t
WHERE sczt != 1
GROUP BY balx
2020-07-09 14:51:09	[34minfo[0m	common/http.go:136	ResJSON	{"status": 200, "val": {"result":true,"errorCode":0,"message":"success","data":{"unReadMessage":{"total":"0","exiAndEntryAnomaly":"0","certificateAccessException":"0","todayNum":"0"},"certificateAtDark":{"total":"0","todayNum":"0"},"certificateNum":{"total":"0","inLibrary":"0","outLibrary":"0"},"returnNumWaiting":{"total":"0","todayNum":"0","expectedNum":"0"},"certificateReturnWaiting":{"total":"0","todayNum":"0","expectedNum":"0"},"incomingApplicationForm":{"total":"0","printWaiting":"0","takingPicturesWaiting":"0","submitWaiting":"0","todayNum":"0"},"consentLetter":{"total":"0","printWaiting":"0","takingPicturesWaiting":"0","submitWaiting":"0","todayNum":"0"}}}}
2020-07-09 14:51:09	[34minfo[0m	db/home.go:50	sql:, SELECT COUNT(1) AS count
FROM d_baryxxb_t
WHERE cjsj >= ? AND sczt != 1
2020-07-09 14:51:09	[34minfo[0m	db/home.go:61	sql:, SELECT COUNT(1) AS count
FROM d_baryxxb_t
WHERE (zt = ? OR zt = ?) AND sczt != 1
2020-07-09 14:51:09	[34minfo[0m	db/home.go:72	sql:, SELECT COUNT(1) AS count
FROM m_djba_t
WHERE cjsj >= ? AND sczt != 1
2020-07-09 14:51:09	[34minfo[0m	db/home.go:113	sql:, 
SELECT COUNT(1) AS count,
       dqzt     AS name
FROM m_djba_t
WHERE sczt != 1
GROUP BY dqzt
2020-07-09 14:51:09	[34minfo[0m	db/home.go:137	sql:, 
SELECT COUNT(1) AS count,
       dqzt     AS name
FROM m_djba_t
WHERE xgsj >= ? AND sczt != 1
GROUP BY dqzt
2020-07-09 14:51:09	[34minfo[0m	common/http.go:136	ResJSON	{"val": {"result":true,"errorCode":0,"message":"success","data":{"registInfo":{"total":"1","recordNum":"1","changeNum":"0","undoNum":"0","todayNum":"1"},"packageWaitingInfo":{"total":"0","todayNum":"1"},"electronicFileWaitingInfo":{"total":"1","todayNum":"0"},"recordResultWaitingInfo":{"total":"0","todayNum":"0"}}}, "status": 200}
2020-07-09 14:51:12	[34minfo[0m	middleware/mw_recover.go:45	
2020-07-09 14:51:12	[34minfo[0m	middleware/mw_recover.go:46	client:127.0.0.1 url:/zjg/2d/dictionary/professionalJob opt:GET
2020-07-09 14:51:12	[34minfo[0m	db/dictionary.go:52	sql:, SELECT zdbm, zdz FROM d_sjzd_t WHERE zdlx = ? 
2020-07-09 14:51:12	[34minfo[0m	db/dictionary.go:53	args:	{"typeName": "zw"}
2020-07-09 14:51:12	[34minfo[0m	common/http.go:136	ResJSON	{"status": 200, "val": {"result":true,"errorCode":0,"message":"success","data":{"list":[{"value":"01","label":"å›½å®¶çº§æ­£èŒ"},{"value":"02","label":"å›½å®¶çº§å‰¯èŒ"},{"value":"03","label":"çœéƒ¨çº§æ­£èŒ"},{"value":"04","label":"çœéƒ¨çº§å‰¯èŒ"},{"value":"05","label":"å…å±€çº§æ­£èŒ"},{"value":"06","label":"å…å±€çº§å‰¯èŒ"},{"value":"07","label":"å¿å¤„çº§æ­£èŒ"},{"value":"08","label":"å¿å¤„çº§å‰¯èŒ"},{"value":"09","label":"ä¹¡ç§‘çº§æ­£èŒ"},{"value":"10","label":"ä¹¡ç§‘çº§å‰¯èŒ"}]}}}
2020-07-09 14:51:12	[34minfo[0m	middleware/mw_recover.go:45	
2020-07-09 14:51:12	[34minfo[0m	middleware/mw_recover.go:46	client:127.0.0.1 url:/zjg/2d/application/record/list?state=4,5&direction=1&pageNo=1&pageSize=10 opt:GET
2020-07-09 14:51:12	[34minfo[0m	application/application_record.go:48	[4 5]
2020-07-09 14:51:12	[34minfo[0m	db/application.go:104	sql:, 
SELECT r.djbh     AS orderNo,                      -- å•æ®ç¼–å·
       r.ryid     AS personID,                     -- äººå‘˜ID
       r.dqzt     AS state,                        -- çŠ¶æ€,0æ–°å¢ï¼Œ1å·²ç¼–è¾‘ï¼Œ3å·²æ‰“å°ï¼Œ4å·²é‡‡é›†ï¼Œ5å·²æäº¤ï¼Œ6è¢«é©³å›ï¼Œ7æˆåŠŸ
       r.dbrxm    AS attorneys,                    -- ä»£åŠäºº
       r.dbrsjh   AS attorneysPhone,               -- ä»£åŠäººæ‰‹æœºå·
       r.cgjsy    AS abroadReason,                 -- å‡ºå›½äº‹ç”±
       r.cgjmdd   AS destination,                  -- å‰å¾€å›½å®¶ï¼Œç›®çš„åœ°
       r.cgjsj    AS toAbroadTime,                 -- å‡ºå›½æ—¶é—´
       r.tlsj     AS residenceTime,                -- åœç•™æ—¶é—´(å¤©)
       r.txry     AS accompanier,                  -- åŒè¡Œäººå‘˜
       r.sccgjmdd AS lastTimeToAbroad,             -- ä¸Šæ¬¡å› ç§å‡ºå›½åœ°ç‚¹
       r.sccgjsj  AS lastTimeToAbroadTime,         -- ä¸Šæ¬¡å› ç§å‡ºå›½æ—¶é—´
       r.xlzj     AS credentials,                  -- é¢†ç”¨è¯ä»¶ï¼š0ï¼ŒæŠ¤ç…§ï¼Œ1æ¸¯æ¾³å°é¦™æ¸¯ç­¾æ³¨ï¼Œ2æ¸¯æ¾³å°æ¾³é—¨ç­¾æ³¨ï¼Œ3å°æ¹¾åŠç­¾æ³¨
       r.bz       AS attach,                       -- å¤‡æ³¨ä¿¡æ¯
       p.baryx    AS surname,                      -- å§“
       p.barym    AS name,                         -- å
       p.sfzhm    AS cardID,                       -- èº«ä»½è¯å·ç 
       p.sjhm     AS myPhone,                      -- æœ¬äººæ‰‹æœºå·ç 
       p.xb       AS sex,                          -- æ€§åˆ«ï¼š0å¥³ï¼Œ1ç”·ï¼Œ2æœªçŸ¥
       p.csrq     AS birthDay,                     -- å‡ºç”Ÿæ—¥æœŸ
       p.jkzk     AS health,                       -- å¥åº·çŠ¶æ€
       p.hkszd    AS registeredPermanentResidence, -- æˆ·å£æ‰€åœ¨åœ°
       p.gzsj     AS workTime,                     -- å·¥ä½œæ—¶é—´
       p.zw       AS position,                     -- èŒåŠ¡
       p.gzjl     AS resume,                       -- å·¥ä½œç®€å†
       p.zzmm     AS politicalOutlook,             -- æ”¿æ²»é¢è²Œï¼šä¼ å›åºå·ï¼Œå‰ç«¯è‡ªåŠ¨è½¬æ¢æˆä¸­æ–‡
       p.mz       AS nation,                       -- æ°‘æ—ï¼šä¼ å›åºå·ï¼Œå‰ç«¯è‡ªåŠ¨è½¬æ¢æˆä¸­æ–‡
       p.jg       AS nativePlace,                  -- ç±è´¯
       p.rdsj     AS joinPartyDay                  -- å…¥å…šæ—¶é—´
FROM m_cgjsp_t AS r
         LEFT JOIN d_baryxxb_t AS p ON r.ryid = p.ryid WHERE r.dqzt IN (?, ?) AND r.sczt = ? ORDER BY r.spbid DESC LIMIT ?, ?
2020-07-09 14:51:12	[34minfo[0m	db/application.go:105	args:	{"args": [4,5,0,0,10]}
2020-07-09 14:51:12	[34minfo[0m	db/application.go:166	sql:, SELECT COUNT(1) AS count
FROM m_cgjsp_t AS r
         LEFT JOIN d_baryxxb_t AS p ON r.ryid = p.ryid WHERE r.dqzt IN (?, ?) AND r.sczt = ?
2020-07-09 14:51:12	[34minfo[0m	db/application.go:167	args:	{"args": [4,5,0]}
2020-07-09 14:51:12	[34minfo[0m	common/http.go:136	ResJSON	{"status": 200, "val": {"result":true,"errorCode":0,"message":"success","data":{"total":"1","data":[{"orderNo":"10000","personID":"1","state":"5","surname":"å»","name":"å»","cardID":"330222199901111222","myPhone":"13111111111","sex":"ç”·","birthday":"2020-06-30","health":"å»","residence":"å»","workTime":"2020-06-30","professionalPost":"02","resume":"","politicalOutlook":"03","nation":"å»","nativePlace":"å»","joinPartyDay":"2020-06-29","attorneys":"å»","attorneysPhone":"13111111111","abroadReason":"11","destination":"å»","toAbroadTime":"2020-07-28","residenceTime":"11","accompanier":"å»","lastTimeToAbroad":"å»","lastTimeToAbroadTime":"2020-06-30","credentials":"3","attach":"å»"}]}}}
2020-07-09 14:51:13	[34minfo[0m	middleware/mw_recover.go:45	
2020-07-09 14:51:13	[34minfo[0m	middleware/mw_recover.go:46	client:127.0.0.1 url:/zjg/2d/application/electronic/info?orderNo=10000 opt:GET
2020-07-09 14:51:13	[34minfo[0m	db/application.go:180	sql:, SELECT spbid,djbh,dqzt,ryid,xlzj,cgjmdd,cgjsj,tlsj,cgjsy,txry,dzdacjsj,sbsj,dzdalj,sccgjmdd,sccgjsj,dbrxm,dbrsjh,bz,cjsj,xgsj,sczt FROM m_cgjsp_t WHERE djbh = ? AND sczt = ?
2020-07-09 14:51:13	[34minfo[0m	db/application.go:181	args:	{"orderNo": "10000"}
2020-07-09 14:51:13	[34minfo[0m	common/http.go:136	ResJSON	{"status": 200, "val": {"result":true,"errorCode":0,"message":"success","data":{"image":"3_10000_1594263499.pdf"}}}
2020-07-09 14:51:42	[34minfo[0m	middleware/mw_recover.go:45	
2020-07-09 14:51:42	[34minfo[0m	middleware/mw_recover.go:46	client:127.0.0.1 url:/zjg/2d/application/electronic/info?orderNo=10000 opt:GET
2020-07-09 14:51:42	[34minfo[0m	db/application.go:180	sql:, SELECT spbid,djbh,dqzt,ryid,xlzj,cgjmdd,cgjsj,tlsj,cgjsy,txry,dzdacjsj,sbsj,dzdalj,sccgjmdd,sccgjsj,dbrxm,dbrsjh,bz,cjsj,xgsj,sczt FROM m_cgjsp_t WHERE djbh = ? AND sczt = ?
2020-07-09 14:51:42	[34minfo[0m	db/application.go:181	args:	{"orderNo": "10000"}
2020-07-09 14:51:42	[34minfo[0m	common/http.go:136	ResJSON	{"status": 200, "val": {"result":true,"errorCode":0,"message":"success","data":{"image":"3_10000_1594263499.pdf"}}}
2020-07-13 13:39:47	[34minfo[0m	logger/logger.go:106	~~~~~~~~~~~~~~~~~~~~~~~~~~~~~~~
2020-07-13 13:39:47	[34minfo[0m	logger/logger.go:107	æ—¥å¿—åˆå§‹åŒ–æˆåŠŸ
2020-07-13 13:39:47	[34minfo[0m	logger/logger.go:108	~~~~~~~~~~~~~~~~~~~~~~~~~~~~~~~
2020-07-13 13:39:47	[34minfo[0m	utils/setting.go:48	ç«¯å£å·	{"LocalPort": 13010}
2020-07-13 13:39:47	[34minfo[0m	utils/setting.go:51	redisç¼“å­˜	{"ENABLE": false}
2020-07-13 13:39:47	[34minfo[0m	utils/setting.go:55	ukeyç¼–å·	{"UkeySN": "123456abc"}
2020-07-13 13:39:47	[34minfo[0m	utils/setting.go:57	é…ç½®åˆå§‹åŒ–æŒ‰å®Œæˆ ç‰ˆæœ¬:2020-06-18 01
2020-07-13 13:39:47	[34minfo[0m	utils/setting.go:58	~~~~~~~~~~~~~~~~~~~~~~~~~~~~~~~
2020-07-13 13:39:47	[34minfo[0m	cache/cache.go:30	ä¸å¯ç”¨redis
2020-07-13 13:39:54	[34minfo[0m	middleware/mw_recover.go:45	
2020-07-13 13:39:54	[34minfo[0m	middleware/mw_recover.go:46	client:127.0.0.1 url:/zjg/2d/login/user opt:POST
2020-07-13 13:39:54	[34minfo[0m	middleware/mw_recover.go:50	body:{"userName":"admin","password":"21232f297a57a5a743894a0e4a801fc3"}
2020-07-13 13:39:54	[34minfo[0m	common/http.go:136	ResJSON	{"status": 200, "val": {"result":true,"errorCode":0,"message":"success","data":{"token":"eyJhbGciOiJIUzI1NiIsInR5cCI6IkpXVCJ9.eyJ1c2VySWQiOiIxIiwidXVpZCI6IjAxYmQwNWQyLTdlMWItNDk1MS1hNjhhLThkNzM2YTQxMDAxNiJ9.Oc0FFt4H4Wr1sVKsnZyXAuJMvn1nGA1-9UhCvQWUIZk"}}}
2020-07-13 13:39:54	[34minfo[0m	middleware/mw_recover.go:45	
2020-07-13 13:39:54	[34minfo[0m	middleware/mw_recover.go:46	client:127.0.0.1 url:/zjg/2d/device/registered opt:GET
2020-07-13 13:39:54	[34minfo[0m	db/unit.go:16	sql:, SELECT dwid,dwmc,tyshxydm,dwlx,xzqybm,gzlxr,gzlxdh,dlmm,sjzgdwzzjgdm,sjzgdwmc,ktmk1,ktmk2,ktmk3,ukeybh,ukeymw,bz,cjsj,xgsj,sczt FROM m_dwxx_t WHERE sczt = 0
2020-07-13 13:39:54	[34minfo[0m	common/http.go:136	ResJSON	{"status": 200, "val": {"result":true,"errorCode":0,"message":"success","data":{"isRegister":"0","ukey":"123456abc"}}}
2020-07-13 13:39:54	[34minfo[0m	middleware/mw_recover.go:45	
2020-07-13 13:39:54	[34minfo[0m	middleware/mw_recover.go:46	client:127.0.0.1 url:/zjg/2d/dictionary/unitType opt:GET
2020-07-13 13:39:54	[34minfo[0m	db/dictionary.go:52	sql:, SELECT zdbm, zdz FROM d_sjzd_t WHERE zdlx = ? 
2020-07-13 13:39:54	[34minfo[0m	db/dictionary.go:53	args:	{"typeName": "dwlx"}
2020-07-13 13:39:54	[34minfo[0m	common/http.go:136	ResJSON	{"status": 200, "val": {"result":true,"errorCode":0,"message":"success","data":{"list":[{"value":"10","label":"å…šæ”¿æœºå…³"},{"value":"20","label":"é‡‘èç³»ç»Ÿ"},{"value":"30","label":"æ•™ç§‘æ–‡å«ç³»ç»Ÿ"},{"value":"40","label":"å›½æœ‰å¤§ä¸­å‹ä¼ä¸šå•ä½"},{"value":"90","label":"å…¶ä»–å•ä½"}]}}}
2020-07-13 13:40:43	[34minfo[0m	middleware/mw_recover.go:45	
2020-07-13 13:40:43	[34minfo[0m	middleware/mw_recover.go:46	client:127.0.0.1 url:/zjg/2d/device/registered opt:POST
2020-07-13 13:40:43	[34minfo[0m	middleware/mw_recover.go:50	body:{"ukey":"123456abc","unitName":"çƒ¦çƒ¦çƒ¦","unifiedSocialCreditCode":"131549874984916513","organizationCodeSuperiorCompetentUnit":"165498798465979879","superiorSupervisorName":"èƒœå¤šè´Ÿå°‘","unitType":"20","jobContact":"å¤§å¸ˆå‚…å£«å¤§å¤«","jobPhoneNumber":"13111111111","administrativeAreaCode":"620000","selectList":["1","2"],"openingModule1":"1","openingModule2":"1","openingModule3":"0"}
2020-07-13 13:40:43	[34minfo[0m	db/unit.go:16	sql:, SELECT dwid,dwmc,tyshxydm,dwlx,xzqybm,gzlxr,gzlxdh,dlmm,sjzgdwzzjgdm,sjzgdwmc,ktmk1,ktmk2,ktmk3,ukeybh,ukeymw,bz,cjsj,xgsj,sczt FROM m_dwxx_t WHERE sczt = 0
2020-07-13 13:40:43	[34minfo[0m	db/unit.go:39	sql:, INSERT INTO m_dwxx_t(dwmc, tyshxydm, sjzgdwzzjgdm, sjzgdwmc, dwlx, gzlxr, gzlxdh, xzqybm, ktmk1, ktmk2, ktmk3, ukeybh, bz, dlmm, ukeymw)
values (?, ?, ?, ?, ?, ?, ?, ?, ?, ?, ?, ?, ?, ?, ?)
2020-07-13 13:40:43	[34minfo[0m	common/http.go:136	ResJSON	{"status": 200, "val": {"result":true,"errorCode":0,"message":"success"}}
2020-07-13 13:40:45	[34minfo[0m	middleware/mw_recover.go:45	
2020-07-13 13:40:45	[34minfo[0m	middleware/mw_recover.go:46	client:127.0.0.1 url:/zjg/2d/systemManagement/unitInfo opt:GET
2020-07-13 13:40:45	[34minfo[0m	db/unit.go:16	sql:, SELECT dwid,dwmc,tyshxydm,dwlx,xzqybm,gzlxr,gzlxdh,dlmm,sjzgdwzzjgdm,sjzgdwmc,ktmk1,ktmk2,ktmk3,ukeybh,ukeymw,bz,cjsj,xgsj,sczt FROM m_dwxx_t WHERE sczt = 0
2020-07-13 13:40:45	[34minfo[0m	common/http.go:136	ResJSON	{"status": 200, "val": {"result":true,"errorCode":0,"message":"success","data":{"unitName":"çƒ¦çƒ¦çƒ¦","unifiedSocialCreditCode":"131549874984916513","organizationCodeSuperiorCompetentUnit":"165498798465979879","superiorSupervisorName":"èƒœå¤šè´Ÿå°‘","unitType":"20","jobContact":"å¤§å¸ˆå‚…å£«å¤§å¤«","jobPhoneNumber":"13111111111","administrativeAreaCode":"620000","openingModule1":"1","openingModule2":"1","openingModule3":"0","ukey":"123456abc","remark":""}}}
2020-07-13 13:40:45	[34minfo[0m	middleware/mw_recover.go:45	
2020-07-13 13:40:45	[34minfo[0m	middleware/mw_recover.go:45	
2020-07-13 13:40:45	[34minfo[0m	middleware/mw_recover.go:46	client:127.0.0.1 url:/zjg/2d/homePage/certificate opt:GET
2020-07-13 13:40:45	[34minfo[0m	middleware/mw_recover.go:46	client:127.0.0.1 url:/zjg/2d/homePage/regist opt:GET
2020-07-13 13:40:45	[34minfo[0m	common/http.go:136	ResJSON	{"status": 200, "val": {"result":true,"errorCode":0,"message":"success","data":{"unReadMessage":{"total":"0","exiAndEntryAnomaly":"0","certificateAccessException":"0","todayNum":"0"},"certificateAtDark":{"total":"0","todayNum":"0"},"certificateNum":{"total":"0","inLibrary":"0","outLibrary":"0"},"returnNumWaiting":{"total":"0","todayNum":"0","expectedNum":"0"},"certificateReturnWaiting":{"total":"0","todayNum":"0","expectedNum":"0"},"incomingApplicationForm":{"total":"0","printWaiting":"0","takingPicturesWaiting":"0","submitWaiting":"0","todayNum":"0"},"consentLetter":{"total":"0","printWaiting":"0","takingPicturesWaiting":"0","submitWaiting":"0","todayNum":"0"}}}}
2020-07-13 13:40:45	[34minfo[0m	db/home.go:32	sql:, 
SELECT balx     AS name,
       COUNT(1) AS count
FROM d_baryxxb_t
WHERE sczt != 1
GROUP BY balx
2020-07-13 13:40:45	[34minfo[0m	db/home.go:50	sql:, SELECT COUNT(1) AS count
FROM d_baryxxb_t
WHERE cjsj >= ? AND sczt != 1
2020-07-13 13:40:45	[34minfo[0m	db/home.go:61	sql:, SELECT COUNT(1) AS count
FROM d_baryxxb_t
WHERE (zt = ? OR zt = ?) AND sczt != 1
2020-07-13 13:40:45	[34minfo[0m	db/home.go:72	sql:, SELECT COUNT(1) AS count
FROM m_djba_t
WHERE cjsj >= ? AND sczt != 1
2020-07-13 13:40:45	[34minfo[0m	db/home.go:113	sql:, 
SELECT COUNT(1) AS count,
       dqzt     AS name
FROM m_djba_t
WHERE sczt != 1
GROUP BY dqzt
2020-07-13 13:40:45	[34minfo[0m	db/home.go:137	sql:, 
SELECT COUNT(1) AS count,
       dqzt     AS name
FROM m_djba_t
WHERE xgsj >= ? AND sczt != 1
GROUP BY dqzt
2020-07-13 13:40:45	[34minfo[0m	common/http.go:136	ResJSON	{"status": 200, "val": {"result":true,"errorCode":0,"message":"success","data":{"registInfo":{"total":"0","recordNum":"0","changeNum":"0","undoNum":"0","todayNum":"0"},"packageWaitingInfo":{"total":"0","todayNum":"0"},"electronicFileWaitingInfo":{"total":"0","todayNum":"0"},"recordResultWaitingInfo":{"total":"0","todayNum":"0"}}}}
2020-07-13 13:55:42	[34minfo[0m	logger/logger.go:106	~~~~~~~~~~~~~~~~~~~~~~~~~~~~~~~
2020-07-13 13:55:42	[34minfo[0m	logger/logger.go:107	æ—¥å¿—åˆå§‹åŒ–æˆåŠŸ
2020-07-13 13:55:42	[34minfo[0m	logger/logger.go:108	~~~~~~~~~~~~~~~~~~~~~~~~~~~~~~~
2020-07-13 13:55:42	[34minfo[0m	utils/setting.go:48	ç«¯å£å·	{"LocalPort": 13010}
2020-07-13 13:55:42	[34minfo[0m	utils/setting.go:51	redisç¼“å­˜	{"ENABLE": false}
2020-07-13 13:55:42	[34minfo[0m	utils/setting.go:55	ukeyç¼–å·	{"UkeySN": "123456abc"}
2020-07-13 13:55:42	[34minfo[0m	utils/setting.go:57	é…ç½®åˆå§‹åŒ–æŒ‰å®Œæˆ ç‰ˆæœ¬:2020-06-18 01
2020-07-13 13:55:42	[34minfo[0m	utils/setting.go:58	~~~~~~~~~~~~~~~~~~~~~~~~~~~~~~~
2020-07-13 13:55:43	[34minfo[0m	cache/cache.go:30	ä¸å¯ç”¨redis
2020-07-13 13:55:47	[34minfo[0m	middleware/mw_recover.go:45	
2020-07-13 13:55:47	[34minfo[0m	middleware/mw_recover.go:46	client:127.0.0.1 url:/zjg/2d/login/user opt:POST
2020-07-13 13:55:47	[34minfo[0m	middleware/mw_recover.go:50	body:{"userName":"admin","password":"21232f297a57a5a743894a0e4a801fc3"}
2020-07-13 13:55:47	[34minfo[0m	common/http.go:136	ResJSON	{"status": 200, "val": {"result":true,"errorCode":0,"message":"success","data":{"token":"eyJhbGciOiJIUzI1NiIsInR5cCI6IkpXVCJ9.eyJ1c2VySWQiOiIxIiwidXVpZCI6ImU2NzI5YzA3LTI0ZDItNGEzYS04MmI0LWUwMDg5NjBhOGYyMSJ9.syxKF5X_8Q_VEGBx5QW5IaAlHYlP5BwOxkGM8PBHkMU"}}}
2020-07-13 13:55:47	[34minfo[0m	middleware/mw_recover.go:45	
2020-07-13 13:55:47	[34minfo[0m	middleware/mw_recover.go:46	client:127.0.0.1 url:/zjg/2d/device/registered opt:GET
2020-07-13 13:55:47	[34minfo[0m	db/unit.go:16	sql:, SELECT dwid,dwmc,tyshxydm,dwlx,xzqybm,gzlxr,gzlxdh,dlmm,sjzgdwzzjgdm,sjzgdwmc,ktmk1,ktmk2,ktmk3,ukeybh,ukeymw,bz,cjsj,xgsj,sczt FROM m_dwxx_t WHERE sczt = 0
2020-07-13 13:55:47	[34minfo[0m	common/http.go:136	ResJSON	{"status": 200, "val": {"result":true,"errorCode":0,"message":"success","data":{"isRegister":"1","ukey":"123456abc"}}}
2020-07-13 13:55:48	[34minfo[0m	middleware/mw_recover.go:45	
2020-07-13 13:55:48	[34minfo[0m	middleware/mw_recover.go:46	client:127.0.0.1 url:/zjg/2d/systemManagement/unitInfo opt:GET
2020-07-13 13:55:48	[34minfo[0m	db/unit.go:16	sql:, SELECT dwid,dwmc,tyshxydm,dwlx,xzqybm,gzlxr,gzlxdh,dlmm,sjzgdwzzjgdm,sjzgdwmc,ktmk1,ktmk2,ktmk3,ukeybh,ukeymw,bz,cjsj,xgsj,sczt FROM m_dwxx_t WHERE sczt = 0
2020-07-13 13:55:48	[34minfo[0m	middleware/mw_recover.go:45	
2020-07-13 13:55:48	[34minfo[0m	middleware/mw_recover.go:45	
2020-07-13 13:55:48	[34minfo[0m	common/http.go:136	ResJSON	{"status": 200, "val": {"result":true,"errorCode":0,"message":"success","data":{"unitName":"çƒ¦çƒ¦çƒ¦","unifiedSocialCreditCode":"131549874984916513","organizationCodeSuperiorCompetentUnit":"165498798465979879","superiorSupervisorName":"èƒœå¤šè´Ÿå°‘","unitType":"20","jobContact":"å¤§å¸ˆå‚…å£«å¤§å¤«","jobPhoneNumber":"13111111111","administrativeAreaCode":"620000","openingModule1":"1","openingModule2":"1","openingModule3":"0","ukey":"123456abc","remark":""}}}
2020-07-13 13:55:48	[34minfo[0m	middleware/mw_recover.go:46	client:127.0.0.1 url:/zjg/2d/homePage/certificate opt:GET
2020-07-13 13:55:48	[34minfo[0m	common/http.go:136	ResJSON	{"status": 200, "val": {"result":true,"errorCode":0,"message":"success","data":{"unReadMessage":{"total":"0","exiAndEntryAnomaly":"0","certificateAccessException":"0","todayNum":"0"},"certificateAtDark":{"total":"0","todayNum":"0"},"certificateNum":{"total":"0","inLibrary":"0","outLibrary":"0"},"returnNumWaiting":{"total":"0","todayNum":"0","expectedNum":"0"},"certificateReturnWaiting":{"total":"0","todayNum":"0","expectedNum":"0"},"incomingApplicationForm":{"total":"0","printWaiting":"0","takingPicturesWaiting":"0","submitWaiting":"0","todayNum":"0"},"consentLetter":{"total":"0","printWaiting":"0","takingPicturesWaiting":"0","submitWaiting":"0","todayNum":"0"}}}}
2020-07-13 13:55:48	[34minfo[0m	middleware/mw_recover.go:46	client:127.0.0.1 url:/zjg/2d/homePage/regist opt:GET
2020-07-13 13:55:48	[34minfo[0m	db/home.go:32	sql:, 
SELECT balx     AS name,
       COUNT(1) AS count
FROM d_baryxxb_t
WHERE sczt != 1
GROUP BY balx
2020-07-13 13:55:48	[34minfo[0m	db/home.go:50	sql:, SELECT COUNT(1) AS count
FROM d_baryxxb_t
WHERE cjsj >= ? AND sczt != 1
2020-07-13 13:55:48	[34minfo[0m	db/home.go:61	sql:, SELECT COUNT(1) AS count
FROM d_baryxxb_t
WHERE (zt = ? OR zt = ?) AND sczt != 1
2020-07-13 13:55:48	[34minfo[0m	db/home.go:72	sql:, SELECT COUNT(1) AS count
FROM m_djba_t
WHERE cjsj >= ? AND sczt != 1
2020-07-13 13:55:48	[34minfo[0m	db/home.go:113	sql:, 
SELECT COUNT(1) AS count,
       dqzt     AS name
FROM m_djba_t
WHERE sczt != 1
GROUP BY dqzt
2020-07-13 13:55:48	[34minfo[0m	db/home.go:137	sql:, 
SELECT COUNT(1) AS count,
       dqzt     AS name
FROM m_djba_t
WHERE xgsj >= ? AND sczt != 1
GROUP BY dqzt
2020-07-13 13:55:48	[34minfo[0m	common/http.go:136	ResJSON	{"status": 200, "val": {"result":true,"errorCode":0,"message":"success","data":{"registInfo":{"total":"0","recordNum":"0","changeNum":"0","undoNum":"0","todayNum":"0"},"packageWaitingInfo":{"total":"0","todayNum":"0"},"electronicFileWaitingInfo":{"total":"0","todayNum":"0"},"recordResultWaitingInfo":{"total":"0","todayNum":"0"}}}}
2020-07-13 13:55:50	[34minfo[0m	middleware/mw_recover.go:45	
2020-07-13 13:55:50	[34minfo[0m	middleware/mw_recover.go:46	client:127.0.0.1 url:/zjg/2d/dictionary/unitType opt:GET
2020-07-13 13:55:50	[34minfo[0m	db/dictionary.go:52	sql:, SELECT zdbm, zdz FROM d_sjzd_t WHERE zdlx = ? 
2020-07-13 13:55:50	[34minfo[0m	db/dictionary.go:53	args:	{"typeName": "dwlx"}
2020-07-13 13:55:50	[34minfo[0m	common/http.go:136	ResJSON	{"status": 200, "val": {"result":true,"errorCode":0,"message":"success","data":{"list":[{"value":"10","label":"å…šæ”¿æœºå…³"},{"value":"20","label":"é‡‘èç³»ç»Ÿ"},{"value":"30","label":"æ•™ç§‘æ–‡å«ç³»ç»Ÿ"},{"value":"40","label":"å›½æœ‰å¤§ä¸­å‹ä¼ä¸šå•ä½"},{"value":"90","label":"å…¶ä»–å•ä½"}]}}}
2020-07-13 13:55:51	[34minfo[0m	middleware/mw_recover.go:45	
2020-07-13 13:55:51	[34minfo[0m	middleware/mw_recover.go:46	client:127.0.0.1 url:/zjg/2d/dictionary/professionalJob opt:GET
2020-07-13 13:55:51	[34minfo[0m	db/dictionary.go:52	sql:, SELECT zdbm, zdz FROM d_sjzd_t WHERE zdlx = ? 
2020-07-13 13:55:51	[34minfo[0m	middleware/mw_recover.go:45	
2020-07-13 13:55:51	[34minfo[0m	db/dictionary.go:53	args:	{"typeName": "zw"}
2020-07-13 13:55:51	[34minfo[0m	middleware/mw_recover.go:46	client:127.0.0.1 url:/zjg/2d/registries/person/report?pageNo=1&pageSize=10&selectValue=&direction=1 opt:GET
2020-07-13 13:55:51	[34minfo[0m	common/http.go:136	ResJSON	{"status": 200, "val": {"result":true,"errorCode":0,"message":"success","data":{"list":[{"value":"01","label":"å›½å®¶çº§æ­£èŒ"},{"value":"02","label":"å›½å®¶çº§å‰¯èŒ"},{"value":"03","label":"çœéƒ¨çº§æ­£èŒ"},{"value":"04","label":"çœéƒ¨çº§å‰¯èŒ"},{"value":"05","label":"å…å±€çº§æ­£èŒ"},{"value":"06","label":"å…å±€çº§å‰¯èŒ"},{"value":"07","label":"å¿å¤„çº§æ­£èŒ"},{"value":"08","label":"å¿å¤„çº§å‰¯èŒ"},{"value":"09","label":"ä¹¡ç§‘çº§æ­£èŒ"},{"value":"10","label":"ä¹¡ç§‘çº§å‰¯èŒ"}]}}}
2020-07-13 13:55:51	[34minfo[0m	db/registries.go:134	sql:, SELECT ryid,baryx,barym,baryxm,sfzhm,xb,csrq,hkszd,sjhm,mz,jg,zzmm,rdsj,jkzk,gnzxqsqk,gwqsqk,gzsj,rszgdw,gzdw,zjzc,zw,gzjl,balx,zt,hz,gatxz,twtxz,sfbmd,bz,cjsj,xgsj,sczt FROM d_baryxxb_t  WHERE sczt = 0 order by ryid DESC  LIMIT ?, ?
2020-07-13 13:55:51	[34minfo[0m	db/registries.go:135	args:	{"args2": [0,10]}
2020-07-13 13:55:51	[34minfo[0m	middleware/mw_recover.go:45	
2020-07-13 13:55:51	[34minfo[0m	database/sqlTool.go:132	sql:, select count(*) as counts from d_baryxxb_t  WHERE sczt = 0
2020-07-13 13:55:51	[34minfo[0m	middleware/mw_recover.go:46	client:127.0.0.1 url:/zjg/2d/dictionary/professionalJob opt:GET
2020-07-13 13:55:51	[34minfo[0m	db/dictionary.go:52	sql:, SELECT zdbm, zdz FROM d_sjzd_t WHERE zdlx = ? 
2020-07-13 13:55:51	[34minfo[0m	middleware/mw_recover.go:45	
2020-07-13 13:55:51	[34minfo[0m	database/sqlTool.go:133	args:	{"args": null}
2020-07-13 13:55:51	[34minfo[0m	db/dictionary.go:53	args:	{"typeName": "zw"}
2020-07-13 13:55:51	[34minfo[0m	middleware/mw_recover.go:46	client:127.0.0.1 url:/zjg/2d/systemManagement/whiteList?pageNo=1&pageSize=10&direction=1 opt:GET
2020-07-13 13:55:51	[34minfo[0m	common/http.go:136	ResJSON	{"status": 200, "val": {"result":true,"errorCode":0,"message":"success","data":{"total":"0","list":null}}}
2020-07-13 13:55:51	[34minfo[0m	common/http.go:136	ResJSON	{"status": 200, "val": {"result":true,"errorCode":0,"message":"success","data":{"list":[{"value":"01","label":"å›½å®¶çº§æ­£èŒ"},{"value":"02","label":"å›½å®¶çº§å‰¯èŒ"},{"value":"03","label":"çœéƒ¨çº§æ­£èŒ"},{"value":"04","label":"çœéƒ¨çº§å‰¯èŒ"},{"value":"05","label":"å…å±€çº§æ­£èŒ"},{"value":"06","label":"å…å±€çº§å‰¯èŒ"},{"value":"07","label":"å¿å¤„çº§æ­£èŒ"},{"value":"08","label":"å¿å¤„çº§å‰¯èŒ"},{"value":"09","label":"ä¹¡ç§‘çº§æ­£èŒ"},{"value":"10","label":"ä¹¡ç§‘çº§å‰¯èŒ"}]}}}
2020-07-13 13:55:51	[34minfo[0m	db/white_list.go:77	sql:, SELECT ryid,baryx,barym,baryxm,sfzhm,xb,csrq,hkszd,sjhm,mz,jg,zzmm,rdsj,jkzk,gnzxqsqk,gwqsqk,gzsj,rszgdw,gzdw,zjzc,zw,gzjl,balx,zt,hz,gatxz,twtxz,sfbmd,bz,cjsj,xgsj,sczt FROM d_baryxxb_t WHERE sczt = ? AND sfbmd = ? ORDER BY ryid DESC LIMIT ?, ?
2020-07-13 13:55:51	[34minfo[0m	db/white_list.go:87	sql:, SELECT count(1) AS count FROM d_baryxxb_t WHERE sczt = 0 AND sfbmd = 1
2020-07-13 13:55:51	[34minfo[0m	common/http.go:136	ResJSON	{"status": 200, "val": {"result":true,"errorCode":0,"message":"success","data":{"total":"0","whiteList":null}}}
2020-07-13 13:55:51	[34minfo[0m	middleware/mw_recover.go:45	
2020-07-13 13:55:51	[34minfo[0m	middleware/mw_recover.go:46	client:127.0.0.1 url:/zjg/2d/registries/person/report?pageNo=1&pageSize=10&selectValue=&direction=1 opt:GET
2020-07-13 13:55:51	[34minfo[0m	db/registries.go:134	sql:, SELECT ryid,baryx,barym,baryxm,sfzhm,xb,csrq,hkszd,sjhm,mz,jg,zzmm,rdsj,jkzk,gnzxqsqk,gwqsqk,gzsj,rszgdw,gzdw,zjzc,zw,gzjl,balx,zt,hz,gatxz,twtxz,sfbmd,bz,cjsj,xgsj,sczt FROM d_baryxxb_t  WHERE sczt = 0 order by ryid DESC  LIMIT ?, ?
2020-07-13 13:55:51	[34minfo[0m	db/registries.go:135	args:	{"args2": [0,10]}
2020-07-13 13:55:51	[34minfo[0m	database/sqlTool.go:132	sql:, select count(*) as counts from d_baryxxb_t  WHERE sczt = 0
2020-07-13 13:55:51	[34minfo[0m	database/sqlTool.go:133	args:	{"args": null}
2020-07-13 13:55:51	[34minfo[0m	common/http.go:136	ResJSON	{"status": 200, "val": {"result":true,"errorCode":0,"message":"success","data":{"total":"0","list":null}}}
2020-07-13 13:55:51	[34minfo[0m	middleware/mw_recover.go:45	
2020-07-13 13:55:51	[34minfo[0m	middleware/mw_recover.go:46	client:127.0.0.1 url:/zjg/2d/dictionary/logEventType opt:GET
2020-07-13 13:55:51	[34minfo[0m	middleware/mw_recover.go:45	
2020-07-13 13:55:51	[34minfo[0m	db/dictionary.go:52	sql:, SELECT zdbm, zdz FROM d_sjzd_t WHERE zdlx = ? 
2020-07-13 13:55:51	[34minfo[0m	middleware/mw_recover.go:46	client:127.0.0.1 url:/zjg/2d/systemManagement/log?pageNo=1&pageSize=10&user=&event=&direction=1 opt:GET
2020-07-13 13:55:51	[34minfo[0m	db/dictionary.go:53	args:	{"typeName": "rzsj"}
2020-07-13 13:55:51	[34minfo[0m	common/http.go:136	ResJSON	{"val": {"result":true,"errorCode":0,"message":"success","data":{"list":[{"value":"01","label":"ç™»å½•"},{"value":"02","label":"å•ä½ä¿¡æ¯"},{"value":"03","label":"ç®¡ç†å‘˜ä¿¡æ¯"},{"value":"04","label":"åŸå§‹æ•°æ®å¯¼å…¥"},{"value":"05","label":"ç™½åå•"},{"value":"06","label":"äººå‘˜æŠ¥å¤‡"},{"value":"07","label":"å‡ºå›½å¢ƒå®¡æ‰¹"},{"value":"08","label":"åŒæ„å‡½"},{"value":"09","label":"è¿è§„é¢„è­¦"},{"value":"10","label":"è¯ä»¶ä¸šåŠ¡"},{"value":"11","label":"è¯ä»¶ä¿ç®¡æŸœ"}]}}, "status": 200}
2020-07-13 13:55:51	[31merror[0m	management/log.go:52	3
[{3 1 01 ç™»å½• 2020-07-13 05:55:47 +0000 UTC 2020-07-13 05:55:47 +0000 UTC     0} {2 1 02 æ–°å¢ 2020-07-13 05:40:43 +0000 UTC 2020-07-13 05:40:43 +0000 UTC     0} {1 1 01 ç™»å½• 2020-07-13 05:39:54 +0000 UTC 2020-07-13 05:39:54 +0000 UTC     0}]
2020-07-13 13:55:51	[34minfo[0m	common/http.go:136	ResJSON	{"status": 200, "val": {"result":true,"errorCode":0,"message":"success","data":{"logList":[{"user":"ç®¡ç†å‘˜","event":"01","eventContent":"ç™»å½•","operationTime":"2020-07-13"},{"user":"ç®¡ç†å‘˜","event":"02","eventContent":"æ–°å¢","operationTime":"2020-07-13"},{"user":"ç®¡ç†å‘˜","event":"01","eventContent":"ç™»å½•","operationTime":"2020-07-13"}],"total":"3"}}}
2020-07-13 13:55:52	[34minfo[0m	middleware/mw_recover.go:45	
2020-07-13 13:55:52	[34minfo[0m	middleware/mw_recover.go:46	client:127.0.0.1 url:/zjg/2d/registries/package/list?pageNo=1&pageSize=10&direction=1&state=5 opt:GET
2020-07-13 13:55:52	[34minfo[0m	db/package.go:119	sql:, SELECT baid,balx,zbh,zbrysl,zbr,dqzt,dzdalj,dzdacjsj,sbsj,cjsj,sczt FROM m_djba_t  WHERE sczt = 0 AND ( dqzt = ?) order by baid DESC  LIMIT ?, ?
2020-07-13 13:55:52	[34minfo[0m	db/package.go:120	args2:	{"args2": ["5",0,10]}
2020-07-13 13:55:52	[34minfo[0m	database/sqlTool.go:132	sql:, select count(*) as counts from m_djba_t  WHERE sczt = 0 AND ( dqzt = ?)
2020-07-13 13:55:52	[34minfo[0m	database/sqlTool.go:133	args:	{"args": ["5"]}
2020-07-13 13:55:52	[34minfo[0m	common/http.go:136	ResJSON	{"status": 200, "val": {"result":true,"errorCode":0,"message":"success","data":{"total":"0","list":null}}}
2020-07-13 13:55:53	[34minfo[0m	middleware/mw_recover.go:45	
2020-07-13 13:55:53	[34minfo[0m	middleware/mw_recover.go:46	client:127.0.0.1 url:/zjg/2d/homePage/regist opt:GET
2020-07-13 13:55:53	[34minfo[0m	middleware/mw_recover.go:45	
2020-07-13 13:55:53	[34minfo[0m	db/home.go:32	sql:, 
SELECT balx     AS name,
       COUNT(1) AS count
FROM d_baryxxb_t
WHERE sczt != 1
GROUP BY balx
2020-07-13 13:55:53	[34minfo[0m	middleware/mw_recover.go:46	client:127.0.0.1 url:/zjg/2d/homePage/certificate opt:GET
2020-07-13 13:55:53	[34minfo[0m	db/home.go:50	sql:, SELECT COUNT(1) AS count
FROM d_baryxxb_t
WHERE cjsj >= ? AND sczt != 1
2020-07-13 13:55:53	[34minfo[0m	common/http.go:136	ResJSON	{"val": {"result":true,"errorCode":0,"message":"success","data":{"unReadMessage":{"total":"0","exiAndEntryAnomaly":"0","certificateAccessException":"0","todayNum":"0"},"certificateAtDark":{"total":"0","todayNum":"0"},"certificateNum":{"total":"0","inLibrary":"0","outLibrary":"0"},"returnNumWaiting":{"total":"0","todayNum":"0","expectedNum":"0"},"certificateReturnWaiting":{"total":"0","todayNum":"0","expectedNum":"0"},"incomingApplicationForm":{"total":"0","printWaiting":"0","takingPicturesWaiting":"0","submitWaiting":"0","todayNum":"0"},"consentLetter":{"total":"0","printWaiting":"0","takingPicturesWaiting":"0","submitWaiting":"0","todayNum":"0"}}}, "status": 200}
2020-07-13 13:55:53	[34minfo[0m	db/home.go:61	sql:, SELECT COUNT(1) AS count
FROM d_baryxxb_t
WHERE (zt = ? OR zt = ?) AND sczt != 1
2020-07-13 13:55:53	[34minfo[0m	db/home.go:72	sql:, SELECT COUNT(1) AS count
FROM m_djba_t
WHERE cjsj >= ? AND sczt != 1
2020-07-13 13:55:53	[34minfo[0m	db/home.go:113	sql:, 
SELECT COUNT(1) AS count,
       dqzt     AS name
FROM m_djba_t
WHERE sczt != 1
GROUP BY dqzt
2020-07-13 13:55:53	[34minfo[0m	db/home.go:137	sql:, 
SELECT COUNT(1) AS count,
       dqzt     AS name
FROM m_djba_t
WHERE xgsj >= ? AND sczt != 1
GROUP BY dqzt
2020-07-13 13:55:53	[34minfo[0m	common/http.go:136	ResJSON	{"status": 200, "val": {"result":true,"errorCode":0,"message":"success","data":{"registInfo":{"total":"0","recordNum":"0","changeNum":"0","undoNum":"0","todayNum":"0"},"packageWaitingInfo":{"total":"0","todayNum":"0"},"electronicFileWaitingInfo":{"total":"0","todayNum":"0"},"recordResultWaitingInfo":{"total":"0","todayNum":"0"}}}}
2020-07-13 13:55:54	[34minfo[0m	middleware/mw_recover.go:45	
2020-07-13 13:55:54	[34minfo[0m	middleware/mw_recover.go:46	client:127.0.0.1 url:/zjg/2d/dictionary/professionalJob opt:GET
2020-07-13 13:55:54	[34minfo[0m	db/dictionary.go:52	sql:, SELECT zdbm, zdz FROM d_sjzd_t WHERE zdlx = ? 
2020-07-13 13:55:54	[34minfo[0m	db/dictionary.go:53	args:	{"typeName": "zw"}
2020-07-13 13:55:54	[34minfo[0m	common/http.go:136	ResJSON	{"status": 200, "val": {"result":true,"errorCode":0,"message":"success","data":{"list":[{"value":"01","label":"å›½å®¶çº§æ­£èŒ"},{"value":"02","label":"å›½å®¶çº§å‰¯èŒ"},{"value":"03","label":"çœéƒ¨çº§æ­£èŒ"},{"value":"04","label":"çœéƒ¨çº§å‰¯èŒ"},{"value":"05","label":"å…å±€çº§æ­£èŒ"},{"value":"06","label":"å…å±€çº§å‰¯èŒ"},{"value":"07","label":"å¿å¤„çº§æ­£èŒ"},{"value":"08","label":"å¿å¤„çº§å‰¯èŒ"},{"value":"09","label":"ä¹¡ç§‘çº§æ­£èŒ"},{"value":"10","label":"ä¹¡ç§‘çº§å‰¯èŒ"}]}}}
2020-07-13 13:55:54	[34minfo[0m	middleware/mw_recover.go:45	
2020-07-13 13:55:54	[34minfo[0m	middleware/mw_recover.go:46	client:127.0.0.1 url:/zjg/2d/dataQuery/license/list?pageNo=1&pageSize=10&direction=1 opt:GET
2020-07-13 13:55:54	[34minfo[0m	dataQuery/dataQuery.go:28	pararm:{  1 10 1}
2020-07-13 13:55:54	[34minfo[0m	db/registries.go:134	sql:, SELECT ryid,baryx,barym,baryxm,sfzhm,xb,csrq,hkszd,sjhm,mz,jg,zzmm,rdsj,jkzk,gnzxqsqk,gwqsqk,gzsj,rszgdw,gzdw,zjzc,zw,gzjl,balx,zt,hz,gatxz,twtxz,sfbmd,bz,cjsj,xgsj,sczt FROM d_baryxxb_t  WHERE sczt = 0 order by ryid DESC  LIMIT ?, ?
2020-07-13 13:55:54	[34minfo[0m	db/registries.go:135	args:	{"args2": [0,10]}
2020-07-13 13:55:54	[34minfo[0m	database/sqlTool.go:132	sql:, select count(*) as counts from d_baryxxb_t  WHERE sczt = 0
2020-07-13 13:55:54	[34minfo[0m	database/sqlTool.go:133	args:	{"args": null}
2020-07-13 13:55:54	[34minfo[0m	common/http.go:136	ResJSON	{"status": 200, "val": {"result":true,"errorCode":0,"message":"success","data":{"data":null,"total":"0"}}}
2020-07-13 13:55:56	[34minfo[0m	middleware/mw_recover.go:45	
2020-07-13 13:55:56	[34minfo[0m	middleware/mw_recover.go:46	client:127.0.0.1 url:/zjg/2d/virtual/query/statistics opt:GET
2020-07-13 13:55:56	[34minfo[0m	middleware/mw_recover.go:45	
2020-07-13 13:55:56	[34minfo[0m	middleware/mw_recover.go:46	client:127.0.0.1 url:/zjg/2d/virtual/query/statisticsInfo?selectValue=&certificateType=&state=&pageNo=1&pageSize=10&direction=1 opt:GET
2020-07-13 13:55:56	[34minfo[0m	common/http.go:136	ResJSON	{"status": 200, "val": {"result":true,"errorCode":0,"message":"success","data":{"HongKongMacauPass":{"total":"0","inCabinetNum":"0","outCabinetNum":"0"},"TaiwanPassMainlandResidents":{"total":"0","inCabinetNum":"0","outCabinetNum":"0"},"electronicPassport":{"total":"0","inCabinetNum":"0","outCabinetNum":"0"},"total":"0"}}}
2020-07-13 13:55:56	[34minfo[0m	common/http.go:136	ResJSON	{"status": 200, "val": {"result":true,"errorCode":0,"message":"success","data":{"total":"0","data":null}}}
2020-07-13 13:56:13	[34minfo[0m	middleware/mw_recover.go:45	
2020-07-13 13:56:13	[34minfo[0m	middleware/mw_recover.go:46	client:127.0.0.1 url:/zjg/2d/login/user opt:POST
2020-07-13 13:56:13	[34minfo[0m	middleware/mw_recover.go:50	body:{"userName":"admin","password":"21232f297a57a5a743894a0e4a801fc3"}
2020-07-13 13:56:13	[34minfo[0m	common/http.go:136	ResJSON	{"val": {"result":true,"errorCode":0,"message":"success","data":{"token":"eyJhbGciOiJIUzI1NiIsInR5cCI6IkpXVCJ9.eyJ1c2VySWQiOiIxIiwidXVpZCI6IjAxZGFmNzNmLTM3MmYtNDYyMi1iZWNlLTE0MTQ1YmZmNDYwMiJ9.GssjB959K8pDCfnsjIpE_xZA1eE3qT6sfmNo5lyEI4c"}}, "status": 200}
2020-07-13 13:56:13	[34minfo[0m	middleware/mw_recover.go:45	
2020-07-13 13:56:13	[34minfo[0m	middleware/mw_recover.go:46	client:127.0.0.1 url:/zjg/2d/device/registered opt:GET
2020-07-13 13:56:13	[34minfo[0m	db/unit.go:16	sql:, SELECT dwid,dwmc,tyshxydm,dwlx,xzqybm,gzlxr,gzlxdh,dlmm,sjzgdwzzjgdm,sjzgdwmc,ktmk1,ktmk2,ktmk3,ukeybh,ukeymw,bz,cjsj,xgsj,sczt FROM m_dwxx_t WHERE sczt = 0
2020-07-13 13:56:13	[34minfo[0m	common/http.go:136	ResJSON	{"val": {"result":true,"errorCode":0,"message":"success","data":{"isRegister":"1","ukey":"123456abc"}}, "status": 200}
2020-07-13 13:56:14	[34minfo[0m	middleware/mw_recover.go:45	
2020-07-13 13:56:14	[34minfo[0m	middleware/mw_recover.go:46	client:127.0.0.1 url:/zjg/2d/systemManagement/unitInfo opt:GET
2020-07-13 13:56:14	[34minfo[0m	middleware/mw_recover.go:45	
2020-07-13 13:56:14	[34minfo[0m	middleware/mw_recover.go:45	
2020-07-13 13:56:14	[34minfo[0m	db/unit.go:16	sql:, SELECT dwid,dwmc,tyshxydm,dwlx,xzqybm,gzlxr,gzlxdh,dlmm,sjzgdwzzjgdm,sjzgdwmc,ktmk1,ktmk2,ktmk3,ukeybh,ukeymw,bz,cjsj,xgsj,sczt FROM m_dwxx_t WHERE sczt = 0
2020-07-13 13:56:14	[34minfo[0m	middleware/mw_recover.go:46	client:127.0.0.1 url:/zjg/2d/homePage/regist opt:GET
2020-07-13 13:56:14	[34minfo[0m	middleware/mw_recover.go:46	client:127.0.0.1 url:/zjg/2d/homePage/certificate opt:GET
2020-07-13 13:56:14	[34minfo[0m	common/http.go:136	ResJSON	{"status": 200, "val": {"result":true,"errorCode":0,"message":"success","data":{"unitName":"çƒ¦çƒ¦çƒ¦","unifiedSocialCreditCode":"131549874984916513","organizationCodeSuperiorCompetentUnit":"165498798465979879","superiorSupervisorName":"èƒœå¤šè´Ÿå°‘","unitType":"20","jobContact":"å¤§å¸ˆå‚…å£«å¤§å¤«","jobPhoneNumber":"13111111111","administrativeAreaCode":"620000","openingModule1":"1","openingModule2":"1","openingModule3":"0","ukey":"123456abc","remark":""}}}
2020-07-13 13:56:14	[34minfo[0m	db/home.go:32	sql:, 
SELECT balx     AS name,
       COUNT(1) AS count
FROM d_baryxxb_t
WHERE sczt != 1
GROUP BY balx
2020-07-13 13:56:14	[34minfo[0m	common/http.go:136	ResJSON	{"status": 200, "val": {"result":true,"errorCode":0,"message":"success","data":{"unReadMessage":{"total":"0","exiAndEntryAnomaly":"0","certificateAccessException":"0","todayNum":"0"},"certificateAtDark":{"total":"0","todayNum":"0"},"certificateNum":{"total":"0","inLibrary":"0","outLibrary":"0"},"returnNumWaiting":{"total":"0","todayNum":"0","expectedNum":"0"},"certificateReturnWaiting":{"total":"0","todayNum":"0","expectedNum":"0"},"incomingApplicationForm":{"total":"0","printWaiting":"0","takingPicturesWaiting":"0","submitWaiting":"0","todayNum":"0"},"consentLetter":{"total":"0","printWaiting":"0","takingPicturesWaiting":"0","submitWaiting":"0","todayNum":"0"}}}}
2020-07-13 13:56:14	[34minfo[0m	db/home.go:50	sql:, SELECT COUNT(1) AS count
FROM d_baryxxb_t
WHERE cjsj >= ? AND sczt != 1
2020-07-13 13:56:14	[34minfo[0m	db/home.go:61	sql:, SELECT COUNT(1) AS count
FROM d_baryxxb_t
WHERE (zt = ? OR zt = ?) AND sczt != 1
2020-07-13 13:56:14	[34minfo[0m	db/home.go:72	sql:, SELECT COUNT(1) AS count
FROM m_djba_t
WHERE cjsj >= ? AND sczt != 1
2020-07-13 13:56:14	[34minfo[0m	db/home.go:113	sql:, 
SELECT COUNT(1) AS count,
       dqzt     AS name
FROM m_djba_t
WHERE sczt != 1
GROUP BY dqzt
2020-07-13 13:56:14	[34minfo[0m	db/home.go:137	sql:, 
SELECT COUNT(1) AS count,
       dqzt     AS name
FROM m_djba_t
WHERE xgsj >= ? AND sczt != 1
GROUP BY dqzt
2020-07-13 13:56:14	[34minfo[0m	common/http.go:136	ResJSON	{"status": 200, "val": {"result":true,"errorCode":0,"message":"success","data":{"registInfo":{"total":"0","recordNum":"0","changeNum":"0","undoNum":"0","todayNum":"0"},"packageWaitingInfo":{"total":"0","todayNum":"0"},"electronicFileWaitingInfo":{"total":"0","todayNum":"0"},"recordResultWaitingInfo":{"total":"0","todayNum":"0"}}}}
2020-07-13 13:56:53	[34minfo[0m	middleware/mw_recover.go:45	
2020-07-13 13:56:53	[34minfo[0m	middleware/mw_recover.go:46	client:127.0.0.1 url:/zjg/2d/login/user opt:POST
2020-07-13 13:56:53	[34minfo[0m	middleware/mw_recover.go:50	body:{"userName":"admin","password":"21232f297a57a5a743894a0e4a801fc3"}
2020-07-13 13:56:53	[34minfo[0m	common/http.go:136	ResJSON	{"status": 200, "val": {"result":true,"errorCode":0,"message":"success","data":{"token":"eyJhbGciOiJIUzI1NiIsInR5cCI6IkpXVCJ9.eyJ1c2VySWQiOiIxIiwidXVpZCI6IjI1ODA5OWQxLTUwZjktNDQwZC04MjkwLTFlZGUwYzQ3YzBkYSJ9.KbqwioWz81LMUerzVErznhtHxV6oU_KnczTZKMk_ybc"}}}
2020-07-13 13:56:53	[34minfo[0m	middleware/mw_recover.go:45	
2020-07-13 13:56:53	[34minfo[0m	middleware/mw_recover.go:46	client:127.0.0.1 url:/zjg/2d/device/registered opt:GET
2020-07-13 13:56:53	[34minfo[0m	db/unit.go:16	sql:, SELECT dwid,dwmc,tyshxydm,dwlx,xzqybm,gzlxr,gzlxdh,dlmm,sjzgdwzzjgdm,sjzgdwmc,ktmk1,ktmk2,ktmk3,ukeybh,ukeymw,bz,cjsj,xgsj,sczt FROM m_dwxx_t WHERE sczt = 0
2020-07-13 13:56:53	[34minfo[0m	common/http.go:136	ResJSON	{"status": 200, "val": {"result":true,"errorCode":0,"message":"success","data":{"isRegister":"1","ukey":"123456abc"}}}
2020-07-13 13:56:54	[34minfo[0m	middleware/mw_recover.go:45	
2020-07-13 13:56:54	[34minfo[0m	middleware/mw_recover.go:45	
2020-07-13 13:56:54	[34minfo[0m	middleware/mw_recover.go:46	client:127.0.0.1 url:/zjg/2d/systemManagement/unitInfo opt:GET
2020-07-13 13:56:54	[34minfo[0m	middleware/mw_recover.go:45	
2020-07-13 13:56:54	[34minfo[0m	middleware/mw_recover.go:46	client:127.0.0.1 url:/zjg/2d/homePage/regist opt:GET
2020-07-13 13:56:54	[34minfo[0m	db/unit.go:16	sql:, SELECT dwid,dwmc,tyshxydm,dwlx,xzqybm,gzlxr,gzlxdh,dlmm,sjzgdwzzjgdm,sjzgdwmc,ktmk1,ktmk2,ktmk3,ukeybh,ukeymw,bz,cjsj,xgsj,sczt FROM m_dwxx_t WHERE sczt = 0
2020-07-13 13:56:54	[34minfo[0m	middleware/mw_recover.go:46	client:127.0.0.1 url:/zjg/2d/homePage/certificate opt:GET
2020-07-13 13:56:54	[34minfo[0m	common/http.go:136	ResJSON	{"val": {"result":true,"errorCode":0,"message":"success","data":{"unReadMessage":{"total":"0","exiAndEntryAnomaly":"0","certificateAccessException":"0","todayNum":"0"},"certificateAtDark":{"total":"0","todayNum":"0"},"certificateNum":{"total":"0","inLibrary":"0","outLibrary":"0"},"returnNumWaiting":{"total":"0","todayNum":"0","expectedNum":"0"},"certificateReturnWaiting":{"total":"0","todayNum":"0","expectedNum":"0"},"incomingApplicationForm":{"total":"0","printWaiting":"0","takingPicturesWaiting":"0","submitWaiting":"0","todayNum":"0"},"consentLetter":{"total":"0","printWaiting":"0","takingPicturesWaiting":"0","submitWaiting":"0","todayNum":"0"}}}, "status": 200}
2020-07-13 13:56:54	[34minfo[0m	common/http.go:136	ResJSON	{"status": 200, "val": {"result":true,"errorCode":0,"message":"success","data":{"unitName":"çƒ¦çƒ¦çƒ¦","unifiedSocialCreditCode":"131549874984916513","organizationCodeSuperiorCompetentUnit":"165498798465979879","superiorSupervisorName":"èƒœå¤šè´Ÿå°‘","unitType":"20","jobContact":"å¤§å¸ˆå‚…å£«å¤§å¤«","jobPhoneNumber":"13111111111","administrativeAreaCode":"620000","openingModule1":"1","openingModule2":"1","openingModule3":"0","ukey":"123456abc","remark":""}}}
2020-07-13 13:56:54	[34minfo[0m	db/home.go:32	sql:, 
SELECT balx     AS name,
       COUNT(1) AS count
FROM d_baryxxb_t
WHERE sczt != 1
GROUP BY balx
2020-07-13 13:56:54	[34minfo[0m	db/home.go:50	sql:, SELECT COUNT(1) AS count
FROM d_baryxxb_t
WHERE cjsj >= ? AND sczt != 1
2020-07-13 13:56:54	[34minfo[0m	db/home.go:61	sql:, SELECT COUNT(1) AS count
FROM d_baryxxb_t
WHERE (zt = ? OR zt = ?) AND sczt != 1
2020-07-13 13:56:54	[34minfo[0m	db/home.go:72	sql:, SELECT COUNT(1) AS count
FROM m_djba_t
WHERE cjsj >= ? AND sczt != 1
2020-07-13 13:56:54	[34minfo[0m	db/home.go:113	sql:, 
SELECT COUNT(1) AS count,
       dqzt     AS name
FROM m_djba_t
WHERE sczt != 1
GROUP BY dqzt
2020-07-13 13:56:54	[34minfo[0m	db/home.go:137	sql:, 
SELECT COUNT(1) AS count,
       dqzt     AS name
FROM m_djba_t
WHERE xgsj >= ? AND sczt != 1
GROUP BY dqzt
2020-07-13 13:56:54	[34minfo[0m	common/http.go:136	ResJSON	{"status": 200, "val": {"result":true,"errorCode":0,"message":"success","data":{"registInfo":{"total":"0","recordNum":"0","changeNum":"0","undoNum":"0","todayNum":"0"},"packageWaitingInfo":{"total":"0","todayNum":"0"},"electronicFileWaitingInfo":{"total":"0","todayNum":"0"},"recordResultWaitingInfo":{"total":"0","todayNum":"0"}}}}
